2023-10-02 20:46:06,268 [Worker-6: Loading available Gradle versions] INFO  o.e.b.c.i.u.g.PublishedGradleVersions - Gradle version information cache is up-to-date. Trying to read.
2023-10-02 20:46:56,594 [Worker-6: Building] INFO  o.e.m.c.i.l.LifecycleMappingFactory - Using org.maven.ide.eclipse.wtp.WarLifecycleMapping lifecycle mapping for MavenProject: vamk:JDBC_Web:0.0.1-SNAPSHOT @ D:\ServletCommunication\ServletCommunication\pom.xml.
2023-10-02 20:47:05,418 [Worker-6: Building] INFO  o.a.m.s.f.DefaultMavenResourcesFiltering - Copying 0 resource from src\main\resources to target\classes
2023-10-02 20:47:05,427 [Worker-6: Building] INFO  o.a.m.s.f.DefaultMavenResourcesFiltering - Copying 0 resource from src\test\resources to target\test-classes
2023-10-02 20:49:48,401 [Worker-6: Launching Executing install in D__ServletCommunication_ServletCommunication] INFO  o.eclipse.m2e.core.internal.Bundles - getClasspathEntries(Bundle=org.eclipse.m2e.maven.runtime_3.9.400.20230826-0755 [623])
2023-10-02 20:49:48,402 [Worker-6: Launching Executing install in D__ServletCommunication_ServletCommunication] INFO  o.eclipse.m2e.core.internal.Bundles - 	Entry: C:\Users\ADMIN\.p2\pool\plugins\org.eclipse.m2e.maven.runtime_3.9.400.20230826-0755
2023-10-02 20:49:48,402 [Worker-6: Launching Executing install in D__ServletCommunication_ServletCommunication] INFO  o.eclipse.m2e.core.internal.Bundles - 	Entry: C:\Users\ADMIN\.p2\pool\plugins\org.eclipse.m2e.maven.runtime_3.9.400.20230826-0755\jars\aether-connector-okhttp-0.17.8.jar
2023-10-02 20:49:48,402 [Worker-6: Launching Executing install in D__ServletCommunication_ServletCommunication] INFO  o.eclipse.m2e.core.internal.Bundles - 	Entry: C:\Users\ADMIN\.p2\pool\plugins\org.eclipse.m2e.maven.runtime_3.9.400.20230826-0755\jars\aopalliance-1.0.jar
2023-10-02 20:49:48,403 [Worker-6: Launching Executing install in D__ServletCommunication_ServletCommunication] INFO  o.eclipse.m2e.core.internal.Bundles - 	Entry: C:\Users\ADMIN\.p2\pool\plugins\org.eclipse.m2e.maven.runtime_3.9.400.20230826-0755\jars\commons-lang3-3.12.0.jar
2023-10-02 20:49:48,403 [Worker-6: Launching Executing install in D__ServletCommunication_ServletCommunication] INFO  o.eclipse.m2e.core.internal.Bundles - 	Entry: C:\Users\ADMIN\.p2\pool\plugins\org.eclipse.m2e.maven.runtime_3.9.400.20230826-0755\jars\guice-5.1.0.jar
2023-10-02 20:49:48,403 [Worker-6: Launching Executing install in D__ServletCommunication_ServletCommunication] INFO  o.eclipse.m2e.core.internal.Bundles - 	Entry: C:\Users\ADMIN\.p2\pool\plugins\org.eclipse.m2e.maven.runtime_3.9.400.20230826-0755\jars\jansi-2.4.0.jar
2023-10-02 20:49:48,403 [Worker-6: Launching Executing install in D__ServletCommunication_ServletCommunication] INFO  o.eclipse.m2e.core.internal.Bundles - 	Entry: C:\Users\ADMIN\.p2\pool\plugins\org.eclipse.m2e.maven.runtime_3.9.400.20230826-0755\jars\maven-artifact-3.9.4.jar
2023-10-02 20:49:48,403 [Worker-6: Launching Executing install in D__ServletCommunication_ServletCommunication] INFO  o.eclipse.m2e.core.internal.Bundles - 	Entry: C:\Users\ADMIN\.p2\pool\plugins\org.eclipse.m2e.maven.runtime_3.9.400.20230826-0755\jars\maven-builder-support-3.9.4.jar
2023-10-02 20:49:48,403 [Worker-6: Launching Executing install in D__ServletCommunication_ServletCommunication] INFO  o.eclipse.m2e.core.internal.Bundles - 	Entry: C:\Users\ADMIN\.p2\pool\plugins\org.eclipse.m2e.maven.runtime_3.9.400.20230826-0755\jars\maven-compat-3.9.4.jar
2023-10-02 20:49:48,403 [Worker-6: Launching Executing install in D__ServletCommunication_ServletCommunication] INFO  o.eclipse.m2e.core.internal.Bundles - 	Entry: C:\Users\ADMIN\.p2\pool\plugins\org.eclipse.m2e.maven.runtime_3.9.400.20230826-0755\jars\maven-core-3.9.4.jar
2023-10-02 20:49:48,403 [Worker-6: Launching Executing install in D__ServletCommunication_ServletCommunication] INFO  o.eclipse.m2e.core.internal.Bundles - 	Entry: C:\Users\ADMIN\.p2\pool\plugins\org.eclipse.m2e.maven.runtime_3.9.400.20230826-0755\jars\maven-embedder-3.9.4.jar
2023-10-02 20:49:48,404 [Worker-6: Launching Executing install in D__ServletCommunication_ServletCommunication] INFO  o.eclipse.m2e.core.internal.Bundles - 	Entry: C:\Users\ADMIN\.p2\pool\plugins\org.eclipse.m2e.maven.runtime_3.9.400.20230826-0755\jars\maven-model-3.9.4.jar
2023-10-02 20:49:48,404 [Worker-6: Launching Executing install in D__ServletCommunication_ServletCommunication] INFO  o.eclipse.m2e.core.internal.Bundles - 	Entry: C:\Users\ADMIN\.p2\pool\plugins\org.eclipse.m2e.maven.runtime_3.9.400.20230826-0755\jars\maven-model-builder-3.9.4.jar
2023-10-02 20:49:48,404 [Worker-6: Launching Executing install in D__ServletCommunication_ServletCommunication] INFO  o.eclipse.m2e.core.internal.Bundles - 	Entry: C:\Users\ADMIN\.p2\pool\plugins\org.eclipse.m2e.maven.runtime_3.9.400.20230826-0755\jars\maven-plugin-api-3.9.4.jar
2023-10-02 20:49:48,404 [Worker-6: Launching Executing install in D__ServletCommunication_ServletCommunication] INFO  o.eclipse.m2e.core.internal.Bundles - 	Entry: C:\Users\ADMIN\.p2\pool\plugins\org.eclipse.m2e.maven.runtime_3.9.400.20230826-0755\jars\maven-repository-metadata-3.9.4.jar
2023-10-02 20:49:48,404 [Worker-6: Launching Executing install in D__ServletCommunication_ServletCommunication] INFO  o.eclipse.m2e.core.internal.Bundles - 	Entry: C:\Users\ADMIN\.p2\pool\plugins\org.eclipse.m2e.maven.runtime_3.9.400.20230826-0755\jars\maven-resolver-api-1.9.14.jar
2023-10-02 20:49:48,404 [Worker-6: Launching Executing install in D__ServletCommunication_ServletCommunication] INFO  o.eclipse.m2e.core.internal.Bundles - 	Entry: C:\Users\ADMIN\.p2\pool\plugins\org.eclipse.m2e.maven.runtime_3.9.400.20230826-0755\jars\maven-resolver-connector-basic-1.9.14.jar
2023-10-02 20:49:48,404 [Worker-6: Launching Executing install in D__ServletCommunication_ServletCommunication] INFO  o.eclipse.m2e.core.internal.Bundles - 	Entry: C:\Users\ADMIN\.p2\pool\plugins\org.eclipse.m2e.maven.runtime_3.9.400.20230826-0755\jars\maven-resolver-impl-1.9.14.jar
2023-10-02 20:49:48,404 [Worker-6: Launching Executing install in D__ServletCommunication_ServletCommunication] INFO  o.eclipse.m2e.core.internal.Bundles - 	Entry: C:\Users\ADMIN\.p2\pool\plugins\org.eclipse.m2e.maven.runtime_3.9.400.20230826-0755\jars\maven-resolver-named-locks-1.9.14.jar
2023-10-02 20:49:48,405 [Worker-6: Launching Executing install in D__ServletCommunication_ServletCommunication] INFO  o.eclipse.m2e.core.internal.Bundles - 	Entry: C:\Users\ADMIN\.p2\pool\plugins\org.eclipse.m2e.maven.runtime_3.9.400.20230826-0755\jars\maven-resolver-provider-3.9.4.jar
2023-10-02 20:49:48,405 [Worker-6: Launching Executing install in D__ServletCommunication_ServletCommunication] INFO  o.eclipse.m2e.core.internal.Bundles - 	Entry: C:\Users\ADMIN\.p2\pool\plugins\org.eclipse.m2e.maven.runtime_3.9.400.20230826-0755\jars\maven-resolver-spi-1.9.14.jar
2023-10-02 20:49:48,405 [Worker-6: Launching Executing install in D__ServletCommunication_ServletCommunication] INFO  o.eclipse.m2e.core.internal.Bundles - 	Entry: C:\Users\ADMIN\.p2\pool\plugins\org.eclipse.m2e.maven.runtime_3.9.400.20230826-0755\jars\maven-resolver-transport-wagon-1.9.14.jar
2023-10-02 20:49:48,405 [Worker-6: Launching Executing install in D__ServletCommunication_ServletCommunication] INFO  o.eclipse.m2e.core.internal.Bundles - 	Entry: C:\Users\ADMIN\.p2\pool\plugins\org.eclipse.m2e.maven.runtime_3.9.400.20230826-0755\jars\maven-resolver-util-1.9.14.jar
2023-10-02 20:49:48,405 [Worker-6: Launching Executing install in D__ServletCommunication_ServletCommunication] INFO  o.eclipse.m2e.core.internal.Bundles - 	Entry: C:\Users\ADMIN\.p2\pool\plugins\org.eclipse.m2e.maven.runtime_3.9.400.20230826-0755\jars\maven-settings-3.9.4.jar
2023-10-02 20:49:48,405 [Worker-6: Launching Executing install in D__ServletCommunication_ServletCommunication] INFO  o.eclipse.m2e.core.internal.Bundles - 	Entry: C:\Users\ADMIN\.p2\pool\plugins\org.eclipse.m2e.maven.runtime_3.9.400.20230826-0755\jars\maven-settings-builder-3.9.4.jar
2023-10-02 20:49:48,405 [Worker-6: Launching Executing install in D__ServletCommunication_ServletCommunication] INFO  o.eclipse.m2e.core.internal.Bundles - 	Entry: C:\Users\ADMIN\.p2\pool\plugins\org.eclipse.m2e.maven.runtime_3.9.400.20230826-0755\jars\maven-shared-utils-3.3.4.jar
2023-10-02 20:49:48,405 [Worker-6: Launching Executing install in D__ServletCommunication_ServletCommunication] INFO  o.eclipse.m2e.core.internal.Bundles - 	Entry: C:\Users\ADMIN\.p2\pool\plugins\org.eclipse.m2e.maven.runtime_3.9.400.20230826-0755\jars\okhttp-3.14.1.jar
2023-10-02 20:49:48,406 [Worker-6: Launching Executing install in D__ServletCommunication_ServletCommunication] INFO  o.eclipse.m2e.core.internal.Bundles - 	Entry: C:\Users\ADMIN\.p2\pool\plugins\org.eclipse.m2e.maven.runtime_3.9.400.20230826-0755\jars\okio-1.17.3.jar
2023-10-02 20:49:48,406 [Worker-6: Launching Executing install in D__ServletCommunication_ServletCommunication] INFO  o.eclipse.m2e.core.internal.Bundles - 	Entry: C:\Users\ADMIN\.p2\pool\plugins\org.eclipse.m2e.maven.runtime_3.9.400.20230826-0755\jars\org.eclipse.sisu.inject-0.3.5.jar
2023-10-02 20:49:48,406 [Worker-6: Launching Executing install in D__ServletCommunication_ServletCommunication] INFO  o.eclipse.m2e.core.internal.Bundles - 	Entry: C:\Users\ADMIN\.p2\pool\plugins\org.eclipse.m2e.maven.runtime_3.9.400.20230826-0755\jars\org.eclipse.sisu.plexus-0.3.5.jar
2023-10-02 20:49:48,406 [Worker-6: Launching Executing install in D__ServletCommunication_ServletCommunication] INFO  o.eclipse.m2e.core.internal.Bundles - 	Entry: C:\Users\ADMIN\.p2\pool\plugins\org.eclipse.m2e.maven.runtime_3.9.400.20230826-0755\jars\plexus-build-api-0.0.7.jar
2023-10-02 20:49:48,406 [Worker-6: Launching Executing install in D__ServletCommunication_ServletCommunication] INFO  o.eclipse.m2e.core.internal.Bundles - 	Entry: C:\Users\ADMIN\.p2\pool\plugins\org.eclipse.m2e.maven.runtime_3.9.400.20230826-0755\jars\plexus-cipher-2.0.jar
2023-10-02 20:49:48,407 [Worker-6: Launching Executing install in D__ServletCommunication_ServletCommunication] INFO  o.eclipse.m2e.core.internal.Bundles - 	Entry: C:\Users\ADMIN\.p2\pool\plugins\org.eclipse.m2e.maven.runtime_3.9.400.20230826-0755\jars\plexus-classworlds-2.7.0.jar
2023-10-02 20:49:48,407 [Worker-6: Launching Executing install in D__ServletCommunication_ServletCommunication] INFO  o.eclipse.m2e.core.internal.Bundles - 	Entry: C:\Users\ADMIN\.p2\pool\plugins\org.eclipse.m2e.maven.runtime_3.9.400.20230826-0755\jars\plexus-component-annotations-2.1.0.jar
2023-10-02 20:49:48,407 [Worker-6: Launching Executing install in D__ServletCommunication_ServletCommunication] INFO  o.eclipse.m2e.core.internal.Bundles - 	Entry: C:\Users\ADMIN\.p2\pool\plugins\org.eclipse.m2e.maven.runtime_3.9.400.20230826-0755\jars\plexus-interpolation-1.26.jar
2023-10-02 20:49:48,407 [Worker-6: Launching Executing install in D__ServletCommunication_ServletCommunication] INFO  o.eclipse.m2e.core.internal.Bundles - 	Entry: C:\Users\ADMIN\.p2\pool\plugins\org.eclipse.m2e.maven.runtime_3.9.400.20230826-0755\jars\plexus-sec-dispatcher-2.0.jar
2023-10-02 20:49:48,407 [Worker-6: Launching Executing install in D__ServletCommunication_ServletCommunication] INFO  o.eclipse.m2e.core.internal.Bundles - 	Entry: C:\Users\ADMIN\.p2\pool\plugins\org.eclipse.m2e.maven.runtime_3.9.400.20230826-0755\jars\plexus-utils-3.5.1.jar
2023-10-02 20:49:48,407 [Worker-6: Launching Executing install in D__ServletCommunication_ServletCommunication] INFO  o.eclipse.m2e.core.internal.Bundles - 	Entry: C:\Users\ADMIN\.p2\pool\plugins\org.eclipse.m2e.maven.runtime_3.9.400.20230826-0755\jars\wagon-file-3.5.3.jar
2023-10-02 20:49:48,408 [Worker-6: Launching Executing install in D__ServletCommunication_ServletCommunication] INFO  o.eclipse.m2e.core.internal.Bundles - 	Entry: C:\Users\ADMIN\.p2\pool\plugins\org.eclipse.m2e.maven.runtime_3.9.400.20230826-0755\jars\wagon-provider-api-3.5.3.jar
2023-10-02 20:49:48,411 [Worker-6: Launching Executing install in D__ServletCommunication_ServletCommunication] INFO  o.eclipse.m2e.core.internal.Bundles - getClasspathEntries(Bundle=com.google.guava_32.1.2.jre [12])
2023-10-02 20:49:48,411 [Worker-6: Launching Executing install in D__ServletCommunication_ServletCommunication] INFO  o.eclipse.m2e.core.internal.Bundles - 	Entry: C:\Users\ADMIN\.p2\pool\plugins\com.google.guava_32.1.2.jre.jar
2023-10-02 20:49:48,411 [Worker-6: Launching Executing install in D__ServletCommunication_ServletCommunication] INFO  o.eclipse.m2e.core.internal.Bundles - getClasspathEntries(Bundle=slf4j.api_2.0.7 [984])
2023-10-02 20:49:48,412 [Worker-6: Launching Executing install in D__ServletCommunication_ServletCommunication] INFO  o.eclipse.m2e.core.internal.Bundles - 	Entry: C:\Users\ADMIN\.p2\pool\plugins\slf4j.api_2.0.7.jar
2023-10-02 20:49:48,412 [Worker-6: Launching Executing install in D__ServletCommunication_ServletCommunication] INFO  o.eclipse.m2e.core.internal.Bundles - getClasspathEntries(Bundle=javax.inject_1.0.0.v20220405-0441 [38])
2023-10-02 20:49:48,412 [Worker-6: Launching Executing install in D__ServletCommunication_ServletCommunication] INFO  o.eclipse.m2e.core.internal.Bundles - 	Entry: C:\Users\ADMIN\.p2\pool\plugins\javax.inject_1.0.0.v20220405-0441.jar
2023-10-02 20:49:48,412 [Worker-6: Launching Executing install in D__ServletCommunication_ServletCommunication] INFO  o.eclipse.m2e.core.internal.Bundles - getClasspathEntries(Bundle=javax.annotation_1.3.5.v20200909-1856 [36])
2023-10-02 20:49:48,412 [Worker-6: Launching Executing install in D__ServletCommunication_ServletCommunication] INFO  o.eclipse.m2e.core.internal.Bundles - 	Entry: C:\Users\ADMIN\.p2\pool\plugins\javax.annotation_1.3.5.v20200909-1856.jar
2023-10-02 20:49:48,412 [Worker-6: Launching Executing install in D__ServletCommunication_ServletCommunication] INFO  o.eclipse.m2e.core.internal.Bundles - getClasspathEntries(Bundle=org.apache.commons.cli_1.5.0 [73])
2023-10-02 20:49:48,413 [Worker-6: Launching Executing install in D__ServletCommunication_ServletCommunication] INFO  o.eclipse.m2e.core.internal.Bundles - 	Entry: C:\Users\ADMIN\.p2\pool\plugins\org.apache.commons.cli_1.5.0.jar
2023-10-02 20:49:48,413 [Worker-6: Launching Executing install in D__ServletCommunication_ServletCommunication] INFO  o.eclipse.m2e.core.internal.Bundles - getClasspathEntries(Bundle=com.google.guava.failureaccess_1.0.1 [14])
2023-10-02 20:49:48,413 [Worker-6: Launching Executing install in D__ServletCommunication_ServletCommunication] INFO  o.eclipse.m2e.core.internal.Bundles - 	Entry: C:\Users\ADMIN\.p2\pool\plugins\com.google.guava.failureaccess_1.0.1.jar
2023-10-02 20:49:48,424 [Worker-6: Launching Executing install in D__ServletCommunication_ServletCommunication] INFO  o.e.m.i.launch.MavenLaunchDelegate - Run build in "D:\ServletCommunication\ServletCommunication":
2023-10-02 20:49:48,434 [Worker-6: Launching Executing install in D__ServletCommunication_ServletCommunication] INFO  o.e.m.i.launch.MavenLaunchDelegate -  mvn  -B -Dstyle.color=always install
2023-10-02 20:50:06,496 [Worker-5: Launching Executing clean in D__ServletCommunication_ServletCommunication] INFO  o.eclipse.m2e.core.internal.Bundles - getClasspathEntries(Bundle=org.eclipse.m2e.maven.runtime_3.9.400.20230826-0755 [623])
2023-10-02 20:50:06,497 [Worker-5: Launching Executing clean in D__ServletCommunication_ServletCommunication] INFO  o.eclipse.m2e.core.internal.Bundles - 	Entry: C:\Users\ADMIN\.p2\pool\plugins\org.eclipse.m2e.maven.runtime_3.9.400.20230826-0755
2023-10-02 20:50:06,498 [Worker-5: Launching Executing clean in D__ServletCommunication_ServletCommunication] INFO  o.eclipse.m2e.core.internal.Bundles - 	Entry: C:\Users\ADMIN\.p2\pool\plugins\org.eclipse.m2e.maven.runtime_3.9.400.20230826-0755\jars\aether-connector-okhttp-0.17.8.jar
2023-10-02 20:50:06,498 [Worker-5: Launching Executing clean in D__ServletCommunication_ServletCommunication] INFO  o.eclipse.m2e.core.internal.Bundles - 	Entry: C:\Users\ADMIN\.p2\pool\plugins\org.eclipse.m2e.maven.runtime_3.9.400.20230826-0755\jars\aopalliance-1.0.jar
2023-10-02 20:50:06,498 [Worker-5: Launching Executing clean in D__ServletCommunication_ServletCommunication] INFO  o.eclipse.m2e.core.internal.Bundles - 	Entry: C:\Users\ADMIN\.p2\pool\plugins\org.eclipse.m2e.maven.runtime_3.9.400.20230826-0755\jars\commons-lang3-3.12.0.jar
2023-10-02 20:50:06,499 [Worker-5: Launching Executing clean in D__ServletCommunication_ServletCommunication] INFO  o.eclipse.m2e.core.internal.Bundles - 	Entry: C:\Users\ADMIN\.p2\pool\plugins\org.eclipse.m2e.maven.runtime_3.9.400.20230826-0755\jars\guice-5.1.0.jar
2023-10-02 20:50:06,499 [Worker-5: Launching Executing clean in D__ServletCommunication_ServletCommunication] INFO  o.eclipse.m2e.core.internal.Bundles - 	Entry: C:\Users\ADMIN\.p2\pool\plugins\org.eclipse.m2e.maven.runtime_3.9.400.20230826-0755\jars\jansi-2.4.0.jar
2023-10-02 20:50:06,499 [Worker-5: Launching Executing clean in D__ServletCommunication_ServletCommunication] INFO  o.eclipse.m2e.core.internal.Bundles - 	Entry: C:\Users\ADMIN\.p2\pool\plugins\org.eclipse.m2e.maven.runtime_3.9.400.20230826-0755\jars\maven-artifact-3.9.4.jar
2023-10-02 20:50:06,499 [Worker-5: Launching Executing clean in D__ServletCommunication_ServletCommunication] INFO  o.eclipse.m2e.core.internal.Bundles - 	Entry: C:\Users\ADMIN\.p2\pool\plugins\org.eclipse.m2e.maven.runtime_3.9.400.20230826-0755\jars\maven-builder-support-3.9.4.jar
2023-10-02 20:50:06,500 [Worker-5: Launching Executing clean in D__ServletCommunication_ServletCommunication] INFO  o.eclipse.m2e.core.internal.Bundles - 	Entry: C:\Users\ADMIN\.p2\pool\plugins\org.eclipse.m2e.maven.runtime_3.9.400.20230826-0755\jars\maven-compat-3.9.4.jar
2023-10-02 20:50:06,500 [Worker-5: Launching Executing clean in D__ServletCommunication_ServletCommunication] INFO  o.eclipse.m2e.core.internal.Bundles - 	Entry: C:\Users\ADMIN\.p2\pool\plugins\org.eclipse.m2e.maven.runtime_3.9.400.20230826-0755\jars\maven-core-3.9.4.jar
2023-10-02 20:50:06,500 [Worker-5: Launching Executing clean in D__ServletCommunication_ServletCommunication] INFO  o.eclipse.m2e.core.internal.Bundles - 	Entry: C:\Users\ADMIN\.p2\pool\plugins\org.eclipse.m2e.maven.runtime_3.9.400.20230826-0755\jars\maven-embedder-3.9.4.jar
2023-10-02 20:50:06,500 [Worker-5: Launching Executing clean in D__ServletCommunication_ServletCommunication] INFO  o.eclipse.m2e.core.internal.Bundles - 	Entry: C:\Users\ADMIN\.p2\pool\plugins\org.eclipse.m2e.maven.runtime_3.9.400.20230826-0755\jars\maven-model-3.9.4.jar
2023-10-02 20:50:06,500 [Worker-5: Launching Executing clean in D__ServletCommunication_ServletCommunication] INFO  o.eclipse.m2e.core.internal.Bundles - 	Entry: C:\Users\ADMIN\.p2\pool\plugins\org.eclipse.m2e.maven.runtime_3.9.400.20230826-0755\jars\maven-model-builder-3.9.4.jar
2023-10-02 20:50:06,501 [Worker-5: Launching Executing clean in D__ServletCommunication_ServletCommunication] INFO  o.eclipse.m2e.core.internal.Bundles - 	Entry: C:\Users\ADMIN\.p2\pool\plugins\org.eclipse.m2e.maven.runtime_3.9.400.20230826-0755\jars\maven-plugin-api-3.9.4.jar
2023-10-02 20:50:06,501 [Worker-5: Launching Executing clean in D__ServletCommunication_ServletCommunication] INFO  o.eclipse.m2e.core.internal.Bundles - 	Entry: C:\Users\ADMIN\.p2\pool\plugins\org.eclipse.m2e.maven.runtime_3.9.400.20230826-0755\jars\maven-repository-metadata-3.9.4.jar
2023-10-02 20:50:06,501 [Worker-5: Launching Executing clean in D__ServletCommunication_ServletCommunication] INFO  o.eclipse.m2e.core.internal.Bundles - 	Entry: C:\Users\ADMIN\.p2\pool\plugins\org.eclipse.m2e.maven.runtime_3.9.400.20230826-0755\jars\maven-resolver-api-1.9.14.jar
2023-10-02 20:50:06,501 [Worker-5: Launching Executing clean in D__ServletCommunication_ServletCommunication] INFO  o.eclipse.m2e.core.internal.Bundles - 	Entry: C:\Users\ADMIN\.p2\pool\plugins\org.eclipse.m2e.maven.runtime_3.9.400.20230826-0755\jars\maven-resolver-connector-basic-1.9.14.jar
2023-10-02 20:50:06,502 [Worker-5: Launching Executing clean in D__ServletCommunication_ServletCommunication] INFO  o.eclipse.m2e.core.internal.Bundles - 	Entry: C:\Users\ADMIN\.p2\pool\plugins\org.eclipse.m2e.maven.runtime_3.9.400.20230826-0755\jars\maven-resolver-impl-1.9.14.jar
2023-10-02 20:50:06,502 [Worker-5: Launching Executing clean in D__ServletCommunication_ServletCommunication] INFO  o.eclipse.m2e.core.internal.Bundles - 	Entry: C:\Users\ADMIN\.p2\pool\plugins\org.eclipse.m2e.maven.runtime_3.9.400.20230826-0755\jars\maven-resolver-named-locks-1.9.14.jar
2023-10-02 20:50:06,502 [Worker-5: Launching Executing clean in D__ServletCommunication_ServletCommunication] INFO  o.eclipse.m2e.core.internal.Bundles - 	Entry: C:\Users\ADMIN\.p2\pool\plugins\org.eclipse.m2e.maven.runtime_3.9.400.20230826-0755\jars\maven-resolver-provider-3.9.4.jar
2023-10-02 20:50:06,502 [Worker-5: Launching Executing clean in D__ServletCommunication_ServletCommunication] INFO  o.eclipse.m2e.core.internal.Bundles - 	Entry: C:\Users\ADMIN\.p2\pool\plugins\org.eclipse.m2e.maven.runtime_3.9.400.20230826-0755\jars\maven-resolver-spi-1.9.14.jar
2023-10-02 20:50:06,502 [Worker-5: Launching Executing clean in D__ServletCommunication_ServletCommunication] INFO  o.eclipse.m2e.core.internal.Bundles - 	Entry: C:\Users\ADMIN\.p2\pool\plugins\org.eclipse.m2e.maven.runtime_3.9.400.20230826-0755\jars\maven-resolver-transport-wagon-1.9.14.jar
2023-10-02 20:50:06,502 [Worker-5: Launching Executing clean in D__ServletCommunication_ServletCommunication] INFO  o.eclipse.m2e.core.internal.Bundles - 	Entry: C:\Users\ADMIN\.p2\pool\plugins\org.eclipse.m2e.maven.runtime_3.9.400.20230826-0755\jars\maven-resolver-util-1.9.14.jar
2023-10-02 20:50:06,503 [Worker-5: Launching Executing clean in D__ServletCommunication_ServletCommunication] INFO  o.eclipse.m2e.core.internal.Bundles - 	Entry: C:\Users\ADMIN\.p2\pool\plugins\org.eclipse.m2e.maven.runtime_3.9.400.20230826-0755\jars\maven-settings-3.9.4.jar
2023-10-02 20:50:06,503 [Worker-5: Launching Executing clean in D__ServletCommunication_ServletCommunication] INFO  o.eclipse.m2e.core.internal.Bundles - 	Entry: C:\Users\ADMIN\.p2\pool\plugins\org.eclipse.m2e.maven.runtime_3.9.400.20230826-0755\jars\maven-settings-builder-3.9.4.jar
2023-10-02 20:50:06,503 [Worker-5: Launching Executing clean in D__ServletCommunication_ServletCommunication] INFO  o.eclipse.m2e.core.internal.Bundles - 	Entry: C:\Users\ADMIN\.p2\pool\plugins\org.eclipse.m2e.maven.runtime_3.9.400.20230826-0755\jars\maven-shared-utils-3.3.4.jar
2023-10-02 20:50:06,503 [Worker-5: Launching Executing clean in D__ServletCommunication_ServletCommunication] INFO  o.eclipse.m2e.core.internal.Bundles - 	Entry: C:\Users\ADMIN\.p2\pool\plugins\org.eclipse.m2e.maven.runtime_3.9.400.20230826-0755\jars\okhttp-3.14.1.jar
2023-10-02 20:50:06,503 [Worker-5: Launching Executing clean in D__ServletCommunication_ServletCommunication] INFO  o.eclipse.m2e.core.internal.Bundles - 	Entry: C:\Users\ADMIN\.p2\pool\plugins\org.eclipse.m2e.maven.runtime_3.9.400.20230826-0755\jars\okio-1.17.3.jar
2023-10-02 20:50:06,503 [Worker-5: Launching Executing clean in D__ServletCommunication_ServletCommunication] INFO  o.eclipse.m2e.core.internal.Bundles - 	Entry: C:\Users\ADMIN\.p2\pool\plugins\org.eclipse.m2e.maven.runtime_3.9.400.20230826-0755\jars\org.eclipse.sisu.inject-0.3.5.jar
2023-10-02 20:50:06,503 [Worker-5: Launching Executing clean in D__ServletCommunication_ServletCommunication] INFO  o.eclipse.m2e.core.internal.Bundles - 	Entry: C:\Users\ADMIN\.p2\pool\plugins\org.eclipse.m2e.maven.runtime_3.9.400.20230826-0755\jars\org.eclipse.sisu.plexus-0.3.5.jar
2023-10-02 20:50:06,504 [Worker-5: Launching Executing clean in D__ServletCommunication_ServletCommunication] INFO  o.eclipse.m2e.core.internal.Bundles - 	Entry: C:\Users\ADMIN\.p2\pool\plugins\org.eclipse.m2e.maven.runtime_3.9.400.20230826-0755\jars\plexus-build-api-0.0.7.jar
2023-10-02 20:50:06,504 [Worker-5: Launching Executing clean in D__ServletCommunication_ServletCommunication] INFO  o.eclipse.m2e.core.internal.Bundles - 	Entry: C:\Users\ADMIN\.p2\pool\plugins\org.eclipse.m2e.maven.runtime_3.9.400.20230826-0755\jars\plexus-cipher-2.0.jar
2023-10-02 20:50:06,504 [Worker-5: Launching Executing clean in D__ServletCommunication_ServletCommunication] INFO  o.eclipse.m2e.core.internal.Bundles - 	Entry: C:\Users\ADMIN\.p2\pool\plugins\org.eclipse.m2e.maven.runtime_3.9.400.20230826-0755\jars\plexus-classworlds-2.7.0.jar
2023-10-02 20:50:06,504 [Worker-5: Launching Executing clean in D__ServletCommunication_ServletCommunication] INFO  o.eclipse.m2e.core.internal.Bundles - 	Entry: C:\Users\ADMIN\.p2\pool\plugins\org.eclipse.m2e.maven.runtime_3.9.400.20230826-0755\jars\plexus-component-annotations-2.1.0.jar
2023-10-02 20:50:06,504 [Worker-5: Launching Executing clean in D__ServletCommunication_ServletCommunication] INFO  o.eclipse.m2e.core.internal.Bundles - 	Entry: C:\Users\ADMIN\.p2\pool\plugins\org.eclipse.m2e.maven.runtime_3.9.400.20230826-0755\jars\plexus-interpolation-1.26.jar
2023-10-02 20:50:06,504 [Worker-5: Launching Executing clean in D__ServletCommunication_ServletCommunication] INFO  o.eclipse.m2e.core.internal.Bundles - 	Entry: C:\Users\ADMIN\.p2\pool\plugins\org.eclipse.m2e.maven.runtime_3.9.400.20230826-0755\jars\plexus-sec-dispatcher-2.0.jar
2023-10-02 20:50:06,504 [Worker-5: Launching Executing clean in D__ServletCommunication_ServletCommunication] INFO  o.eclipse.m2e.core.internal.Bundles - 	Entry: C:\Users\ADMIN\.p2\pool\plugins\org.eclipse.m2e.maven.runtime_3.9.400.20230826-0755\jars\plexus-utils-3.5.1.jar
2023-10-02 20:50:06,505 [Worker-5: Launching Executing clean in D__ServletCommunication_ServletCommunication] INFO  o.eclipse.m2e.core.internal.Bundles - 	Entry: C:\Users\ADMIN\.p2\pool\plugins\org.eclipse.m2e.maven.runtime_3.9.400.20230826-0755\jars\wagon-file-3.5.3.jar
2023-10-02 20:50:06,505 [Worker-5: Launching Executing clean in D__ServletCommunication_ServletCommunication] INFO  o.eclipse.m2e.core.internal.Bundles - 	Entry: C:\Users\ADMIN\.p2\pool\plugins\org.eclipse.m2e.maven.runtime_3.9.400.20230826-0755\jars\wagon-provider-api-3.5.3.jar
2023-10-02 20:50:06,505 [Worker-5: Launching Executing clean in D__ServletCommunication_ServletCommunication] INFO  o.eclipse.m2e.core.internal.Bundles - getClasspathEntries(Bundle=com.google.guava_32.1.2.jre [12])
2023-10-02 20:50:06,505 [Worker-5: Launching Executing clean in D__ServletCommunication_ServletCommunication] INFO  o.eclipse.m2e.core.internal.Bundles - 	Entry: C:\Users\ADMIN\.p2\pool\plugins\com.google.guava_32.1.2.jre.jar
2023-10-02 20:50:06,505 [Worker-5: Launching Executing clean in D__ServletCommunication_ServletCommunication] INFO  o.eclipse.m2e.core.internal.Bundles - getClasspathEntries(Bundle=slf4j.api_2.0.7 [984])
2023-10-02 20:50:06,506 [Worker-5: Launching Executing clean in D__ServletCommunication_ServletCommunication] INFO  o.eclipse.m2e.core.internal.Bundles - 	Entry: C:\Users\ADMIN\.p2\pool\plugins\slf4j.api_2.0.7.jar
2023-10-02 20:50:06,506 [Worker-5: Launching Executing clean in D__ServletCommunication_ServletCommunication] INFO  o.eclipse.m2e.core.internal.Bundles - getClasspathEntries(Bundle=javax.inject_1.0.0.v20220405-0441 [38])
2023-10-02 20:50:06,506 [Worker-5: Launching Executing clean in D__ServletCommunication_ServletCommunication] INFO  o.eclipse.m2e.core.internal.Bundles - 	Entry: C:\Users\ADMIN\.p2\pool\plugins\javax.inject_1.0.0.v20220405-0441.jar
2023-10-02 20:50:06,506 [Worker-5: Launching Executing clean in D__ServletCommunication_ServletCommunication] INFO  o.eclipse.m2e.core.internal.Bundles - getClasspathEntries(Bundle=javax.annotation_1.3.5.v20200909-1856 [36])
2023-10-02 20:50:06,507 [Worker-5: Launching Executing clean in D__ServletCommunication_ServletCommunication] INFO  o.eclipse.m2e.core.internal.Bundles - 	Entry: C:\Users\ADMIN\.p2\pool\plugins\javax.annotation_1.3.5.v20200909-1856.jar
2023-10-02 20:50:06,507 [Worker-5: Launching Executing clean in D__ServletCommunication_ServletCommunication] INFO  o.eclipse.m2e.core.internal.Bundles - getClasspathEntries(Bundle=org.apache.commons.cli_1.5.0 [73])
2023-10-02 20:50:06,507 [Worker-5: Launching Executing clean in D__ServletCommunication_ServletCommunication] INFO  o.eclipse.m2e.core.internal.Bundles - 	Entry: C:\Users\ADMIN\.p2\pool\plugins\org.apache.commons.cli_1.5.0.jar
2023-10-02 20:50:06,507 [Worker-5: Launching Executing clean in D__ServletCommunication_ServletCommunication] INFO  o.eclipse.m2e.core.internal.Bundles - getClasspathEntries(Bundle=com.google.guava.failureaccess_1.0.1 [14])
2023-10-02 20:50:06,507 [Worker-5: Launching Executing clean in D__ServletCommunication_ServletCommunication] INFO  o.eclipse.m2e.core.internal.Bundles - 	Entry: C:\Users\ADMIN\.p2\pool\plugins\com.google.guava.failureaccess_1.0.1.jar
2023-10-02 20:50:06,508 [Worker-5: Launching Executing clean in D__ServletCommunication_ServletCommunication] INFO  o.e.m.i.launch.MavenLaunchDelegate - Run build in "D:\ServletCommunication\ServletCommunication":
2023-10-02 20:50:06,508 [Worker-5: Launching Executing clean in D__ServletCommunication_ServletCommunication] INFO  o.e.m.i.launch.MavenLaunchDelegate -  mvn  -B -Dstyle.color=always clean
2023-10-02 20:50:18,386 [Worker-33: Launching Executing generate-sources in D__ServletCommunication_ServletCommunication] INFO  o.eclipse.m2e.core.internal.Bundles - getClasspathEntries(Bundle=org.eclipse.m2e.maven.runtime_3.9.400.20230826-0755 [623])
2023-10-02 20:50:18,387 [Worker-33: Launching Executing generate-sources in D__ServletCommunication_ServletCommunication] INFO  o.eclipse.m2e.core.internal.Bundles - 	Entry: C:\Users\ADMIN\.p2\pool\plugins\org.eclipse.m2e.maven.runtime_3.9.400.20230826-0755
2023-10-02 20:50:18,387 [Worker-33: Launching Executing generate-sources in D__ServletCommunication_ServletCommunication] INFO  o.eclipse.m2e.core.internal.Bundles - 	Entry: C:\Users\ADMIN\.p2\pool\plugins\org.eclipse.m2e.maven.runtime_3.9.400.20230826-0755\jars\aether-connector-okhttp-0.17.8.jar
2023-10-02 20:50:18,387 [Worker-33: Launching Executing generate-sources in D__ServletCommunication_ServletCommunication] INFO  o.eclipse.m2e.core.internal.Bundles - 	Entry: C:\Users\ADMIN\.p2\pool\plugins\org.eclipse.m2e.maven.runtime_3.9.400.20230826-0755\jars\aopalliance-1.0.jar
2023-10-02 20:50:18,388 [Worker-33: Launching Executing generate-sources in D__ServletCommunication_ServletCommunication] INFO  o.eclipse.m2e.core.internal.Bundles - 	Entry: C:\Users\ADMIN\.p2\pool\plugins\org.eclipse.m2e.maven.runtime_3.9.400.20230826-0755\jars\commons-lang3-3.12.0.jar
2023-10-02 20:50:18,388 [Worker-33: Launching Executing generate-sources in D__ServletCommunication_ServletCommunication] INFO  o.eclipse.m2e.core.internal.Bundles - 	Entry: C:\Users\ADMIN\.p2\pool\plugins\org.eclipse.m2e.maven.runtime_3.9.400.20230826-0755\jars\guice-5.1.0.jar
2023-10-02 20:50:18,388 [Worker-33: Launching Executing generate-sources in D__ServletCommunication_ServletCommunication] INFO  o.eclipse.m2e.core.internal.Bundles - 	Entry: C:\Users\ADMIN\.p2\pool\plugins\org.eclipse.m2e.maven.runtime_3.9.400.20230826-0755\jars\jansi-2.4.0.jar
2023-10-02 20:50:18,388 [Worker-33: Launching Executing generate-sources in D__ServletCommunication_ServletCommunication] INFO  o.eclipse.m2e.core.internal.Bundles - 	Entry: C:\Users\ADMIN\.p2\pool\plugins\org.eclipse.m2e.maven.runtime_3.9.400.20230826-0755\jars\maven-artifact-3.9.4.jar
2023-10-02 20:50:18,388 [Worker-33: Launching Executing generate-sources in D__ServletCommunication_ServletCommunication] INFO  o.eclipse.m2e.core.internal.Bundles - 	Entry: C:\Users\ADMIN\.p2\pool\plugins\org.eclipse.m2e.maven.runtime_3.9.400.20230826-0755\jars\maven-builder-support-3.9.4.jar
2023-10-02 20:50:18,389 [Worker-33: Launching Executing generate-sources in D__ServletCommunication_ServletCommunication] INFO  o.eclipse.m2e.core.internal.Bundles - 	Entry: C:\Users\ADMIN\.p2\pool\plugins\org.eclipse.m2e.maven.runtime_3.9.400.20230826-0755\jars\maven-compat-3.9.4.jar
2023-10-02 20:50:18,389 [Worker-33: Launching Executing generate-sources in D__ServletCommunication_ServletCommunication] INFO  o.eclipse.m2e.core.internal.Bundles - 	Entry: C:\Users\ADMIN\.p2\pool\plugins\org.eclipse.m2e.maven.runtime_3.9.400.20230826-0755\jars\maven-core-3.9.4.jar
2023-10-02 20:50:18,389 [Worker-33: Launching Executing generate-sources in D__ServletCommunication_ServletCommunication] INFO  o.eclipse.m2e.core.internal.Bundles - 	Entry: C:\Users\ADMIN\.p2\pool\plugins\org.eclipse.m2e.maven.runtime_3.9.400.20230826-0755\jars\maven-embedder-3.9.4.jar
2023-10-02 20:50:18,389 [Worker-33: Launching Executing generate-sources in D__ServletCommunication_ServletCommunication] INFO  o.eclipse.m2e.core.internal.Bundles - 	Entry: C:\Users\ADMIN\.p2\pool\plugins\org.eclipse.m2e.maven.runtime_3.9.400.20230826-0755\jars\maven-model-3.9.4.jar
2023-10-02 20:50:18,389 [Worker-33: Launching Executing generate-sources in D__ServletCommunication_ServletCommunication] INFO  o.eclipse.m2e.core.internal.Bundles - 	Entry: C:\Users\ADMIN\.p2\pool\plugins\org.eclipse.m2e.maven.runtime_3.9.400.20230826-0755\jars\maven-model-builder-3.9.4.jar
2023-10-02 20:50:18,390 [Worker-33: Launching Executing generate-sources in D__ServletCommunication_ServletCommunication] INFO  o.eclipse.m2e.core.internal.Bundles - 	Entry: C:\Users\ADMIN\.p2\pool\plugins\org.eclipse.m2e.maven.runtime_3.9.400.20230826-0755\jars\maven-plugin-api-3.9.4.jar
2023-10-02 20:50:18,390 [Worker-33: Launching Executing generate-sources in D__ServletCommunication_ServletCommunication] INFO  o.eclipse.m2e.core.internal.Bundles - 	Entry: C:\Users\ADMIN\.p2\pool\plugins\org.eclipse.m2e.maven.runtime_3.9.400.20230826-0755\jars\maven-repository-metadata-3.9.4.jar
2023-10-02 20:50:18,390 [Worker-33: Launching Executing generate-sources in D__ServletCommunication_ServletCommunication] INFO  o.eclipse.m2e.core.internal.Bundles - 	Entry: C:\Users\ADMIN\.p2\pool\plugins\org.eclipse.m2e.maven.runtime_3.9.400.20230826-0755\jars\maven-resolver-api-1.9.14.jar
2023-10-02 20:50:18,390 [Worker-33: Launching Executing generate-sources in D__ServletCommunication_ServletCommunication] INFO  o.eclipse.m2e.core.internal.Bundles - 	Entry: C:\Users\ADMIN\.p2\pool\plugins\org.eclipse.m2e.maven.runtime_3.9.400.20230826-0755\jars\maven-resolver-connector-basic-1.9.14.jar
2023-10-02 20:50:18,391 [Worker-33: Launching Executing generate-sources in D__ServletCommunication_ServletCommunication] INFO  o.eclipse.m2e.core.internal.Bundles - 	Entry: C:\Users\ADMIN\.p2\pool\plugins\org.eclipse.m2e.maven.runtime_3.9.400.20230826-0755\jars\maven-resolver-impl-1.9.14.jar
2023-10-02 20:50:18,391 [Worker-33: Launching Executing generate-sources in D__ServletCommunication_ServletCommunication] INFO  o.eclipse.m2e.core.internal.Bundles - 	Entry: C:\Users\ADMIN\.p2\pool\plugins\org.eclipse.m2e.maven.runtime_3.9.400.20230826-0755\jars\maven-resolver-named-locks-1.9.14.jar
2023-10-02 20:50:18,391 [Worker-33: Launching Executing generate-sources in D__ServletCommunication_ServletCommunication] INFO  o.eclipse.m2e.core.internal.Bundles - 	Entry: C:\Users\ADMIN\.p2\pool\plugins\org.eclipse.m2e.maven.runtime_3.9.400.20230826-0755\jars\maven-resolver-provider-3.9.4.jar
2023-10-02 20:50:18,391 [Worker-33: Launching Executing generate-sources in D__ServletCommunication_ServletCommunication] INFO  o.eclipse.m2e.core.internal.Bundles - 	Entry: C:\Users\ADMIN\.p2\pool\plugins\org.eclipse.m2e.maven.runtime_3.9.400.20230826-0755\jars\maven-resolver-spi-1.9.14.jar
2023-10-02 20:50:18,392 [Worker-33: Launching Executing generate-sources in D__ServletCommunication_ServletCommunication] INFO  o.eclipse.m2e.core.internal.Bundles - 	Entry: C:\Users\ADMIN\.p2\pool\plugins\org.eclipse.m2e.maven.runtime_3.9.400.20230826-0755\jars\maven-resolver-transport-wagon-1.9.14.jar
2023-10-02 20:50:18,392 [Worker-33: Launching Executing generate-sources in D__ServletCommunication_ServletCommunication] INFO  o.eclipse.m2e.core.internal.Bundles - 	Entry: C:\Users\ADMIN\.p2\pool\plugins\org.eclipse.m2e.maven.runtime_3.9.400.20230826-0755\jars\maven-resolver-util-1.9.14.jar
2023-10-02 20:50:18,392 [Worker-33: Launching Executing generate-sources in D__ServletCommunication_ServletCommunication] INFO  o.eclipse.m2e.core.internal.Bundles - 	Entry: C:\Users\ADMIN\.p2\pool\plugins\org.eclipse.m2e.maven.runtime_3.9.400.20230826-0755\jars\maven-settings-3.9.4.jar
2023-10-02 20:50:18,392 [Worker-33: Launching Executing generate-sources in D__ServletCommunication_ServletCommunication] INFO  o.eclipse.m2e.core.internal.Bundles - 	Entry: C:\Users\ADMIN\.p2\pool\plugins\org.eclipse.m2e.maven.runtime_3.9.400.20230826-0755\jars\maven-settings-builder-3.9.4.jar
2023-10-02 20:50:18,392 [Worker-33: Launching Executing generate-sources in D__ServletCommunication_ServletCommunication] INFO  o.eclipse.m2e.core.internal.Bundles - 	Entry: C:\Users\ADMIN\.p2\pool\plugins\org.eclipse.m2e.maven.runtime_3.9.400.20230826-0755\jars\maven-shared-utils-3.3.4.jar
2023-10-02 20:50:18,393 [Worker-33: Launching Executing generate-sources in D__ServletCommunication_ServletCommunication] INFO  o.eclipse.m2e.core.internal.Bundles - 	Entry: C:\Users\ADMIN\.p2\pool\plugins\org.eclipse.m2e.maven.runtime_3.9.400.20230826-0755\jars\okhttp-3.14.1.jar
2023-10-02 20:50:18,393 [Worker-33: Launching Executing generate-sources in D__ServletCommunication_ServletCommunication] INFO  o.eclipse.m2e.core.internal.Bundles - 	Entry: C:\Users\ADMIN\.p2\pool\plugins\org.eclipse.m2e.maven.runtime_3.9.400.20230826-0755\jars\okio-1.17.3.jar
2023-10-02 20:50:18,393 [Worker-33: Launching Executing generate-sources in D__ServletCommunication_ServletCommunication] INFO  o.eclipse.m2e.core.internal.Bundles - 	Entry: C:\Users\ADMIN\.p2\pool\plugins\org.eclipse.m2e.maven.runtime_3.9.400.20230826-0755\jars\org.eclipse.sisu.inject-0.3.5.jar
2023-10-02 20:50:18,393 [Worker-33: Launching Executing generate-sources in D__ServletCommunication_ServletCommunication] INFO  o.eclipse.m2e.core.internal.Bundles - 	Entry: C:\Users\ADMIN\.p2\pool\plugins\org.eclipse.m2e.maven.runtime_3.9.400.20230826-0755\jars\org.eclipse.sisu.plexus-0.3.5.jar
2023-10-02 20:50:18,394 [Worker-33: Launching Executing generate-sources in D__ServletCommunication_ServletCommunication] INFO  o.eclipse.m2e.core.internal.Bundles - 	Entry: C:\Users\ADMIN\.p2\pool\plugins\org.eclipse.m2e.maven.runtime_3.9.400.20230826-0755\jars\plexus-build-api-0.0.7.jar
2023-10-02 20:50:18,394 [Worker-33: Launching Executing generate-sources in D__ServletCommunication_ServletCommunication] INFO  o.eclipse.m2e.core.internal.Bundles - 	Entry: C:\Users\ADMIN\.p2\pool\plugins\org.eclipse.m2e.maven.runtime_3.9.400.20230826-0755\jars\plexus-cipher-2.0.jar
2023-10-02 20:50:18,394 [Worker-33: Launching Executing generate-sources in D__ServletCommunication_ServletCommunication] INFO  o.eclipse.m2e.core.internal.Bundles - 	Entry: C:\Users\ADMIN\.p2\pool\plugins\org.eclipse.m2e.maven.runtime_3.9.400.20230826-0755\jars\plexus-classworlds-2.7.0.jar
2023-10-02 20:50:18,394 [Worker-33: Launching Executing generate-sources in D__ServletCommunication_ServletCommunication] INFO  o.eclipse.m2e.core.internal.Bundles - 	Entry: C:\Users\ADMIN\.p2\pool\plugins\org.eclipse.m2e.maven.runtime_3.9.400.20230826-0755\jars\plexus-component-annotations-2.1.0.jar
2023-10-02 20:50:18,394 [Worker-33: Launching Executing generate-sources in D__ServletCommunication_ServletCommunication] INFO  o.eclipse.m2e.core.internal.Bundles - 	Entry: C:\Users\ADMIN\.p2\pool\plugins\org.eclipse.m2e.maven.runtime_3.9.400.20230826-0755\jars\plexus-interpolation-1.26.jar
2023-10-02 20:50:18,395 [Worker-33: Launching Executing generate-sources in D__ServletCommunication_ServletCommunication] INFO  o.eclipse.m2e.core.internal.Bundles - 	Entry: C:\Users\ADMIN\.p2\pool\plugins\org.eclipse.m2e.maven.runtime_3.9.400.20230826-0755\jars\plexus-sec-dispatcher-2.0.jar
2023-10-02 20:50:18,395 [Worker-33: Launching Executing generate-sources in D__ServletCommunication_ServletCommunication] INFO  o.eclipse.m2e.core.internal.Bundles - 	Entry: C:\Users\ADMIN\.p2\pool\plugins\org.eclipse.m2e.maven.runtime_3.9.400.20230826-0755\jars\plexus-utils-3.5.1.jar
2023-10-02 20:50:18,395 [Worker-33: Launching Executing generate-sources in D__ServletCommunication_ServletCommunication] INFO  o.eclipse.m2e.core.internal.Bundles - 	Entry: C:\Users\ADMIN\.p2\pool\plugins\org.eclipse.m2e.maven.runtime_3.9.400.20230826-0755\jars\wagon-file-3.5.3.jar
2023-10-02 20:50:18,395 [Worker-33: Launching Executing generate-sources in D__ServletCommunication_ServletCommunication] INFO  o.eclipse.m2e.core.internal.Bundles - 	Entry: C:\Users\ADMIN\.p2\pool\plugins\org.eclipse.m2e.maven.runtime_3.9.400.20230826-0755\jars\wagon-provider-api-3.5.3.jar
2023-10-02 20:50:18,396 [Worker-33: Launching Executing generate-sources in D__ServletCommunication_ServletCommunication] INFO  o.eclipse.m2e.core.internal.Bundles - getClasspathEntries(Bundle=com.google.guava_32.1.2.jre [12])
2023-10-02 20:50:18,397 [Worker-33: Launching Executing generate-sources in D__ServletCommunication_ServletCommunication] INFO  o.eclipse.m2e.core.internal.Bundles - 	Entry: C:\Users\ADMIN\.p2\pool\plugins\com.google.guava_32.1.2.jre.jar
2023-10-02 20:50:18,397 [Worker-33: Launching Executing generate-sources in D__ServletCommunication_ServletCommunication] INFO  o.eclipse.m2e.core.internal.Bundles - getClasspathEntries(Bundle=slf4j.api_2.0.7 [984])
2023-10-02 20:50:18,397 [Worker-33: Launching Executing generate-sources in D__ServletCommunication_ServletCommunication] INFO  o.eclipse.m2e.core.internal.Bundles - 	Entry: C:\Users\ADMIN\.p2\pool\plugins\slf4j.api_2.0.7.jar
2023-10-02 20:50:18,397 [Worker-33: Launching Executing generate-sources in D__ServletCommunication_ServletCommunication] INFO  o.eclipse.m2e.core.internal.Bundles - getClasspathEntries(Bundle=javax.inject_1.0.0.v20220405-0441 [38])
2023-10-02 20:50:18,398 [Worker-33: Launching Executing generate-sources in D__ServletCommunication_ServletCommunication] INFO  o.eclipse.m2e.core.internal.Bundles - 	Entry: C:\Users\ADMIN\.p2\pool\plugins\javax.inject_1.0.0.v20220405-0441.jar
2023-10-02 20:50:18,398 [Worker-33: Launching Executing generate-sources in D__ServletCommunication_ServletCommunication] INFO  o.eclipse.m2e.core.internal.Bundles - getClasspathEntries(Bundle=javax.annotation_1.3.5.v20200909-1856 [36])
2023-10-02 20:50:18,398 [Worker-33: Launching Executing generate-sources in D__ServletCommunication_ServletCommunication] INFO  o.eclipse.m2e.core.internal.Bundles - 	Entry: C:\Users\ADMIN\.p2\pool\plugins\javax.annotation_1.3.5.v20200909-1856.jar
2023-10-02 20:50:18,398 [Worker-33: Launching Executing generate-sources in D__ServletCommunication_ServletCommunication] INFO  o.eclipse.m2e.core.internal.Bundles - getClasspathEntries(Bundle=org.apache.commons.cli_1.5.0 [73])
2023-10-02 20:50:18,399 [Worker-33: Launching Executing generate-sources in D__ServletCommunication_ServletCommunication] INFO  o.eclipse.m2e.core.internal.Bundles - 	Entry: C:\Users\ADMIN\.p2\pool\plugins\org.apache.commons.cli_1.5.0.jar
2023-10-02 20:50:18,399 [Worker-33: Launching Executing generate-sources in D__ServletCommunication_ServletCommunication] INFO  o.eclipse.m2e.core.internal.Bundles - getClasspathEntries(Bundle=com.google.guava.failureaccess_1.0.1 [14])
2023-10-02 20:50:18,399 [Worker-33: Launching Executing generate-sources in D__ServletCommunication_ServletCommunication] INFO  o.eclipse.m2e.core.internal.Bundles - 	Entry: C:\Users\ADMIN\.p2\pool\plugins\com.google.guava.failureaccess_1.0.1.jar
2023-10-02 20:50:18,401 [Worker-33: Launching Executing generate-sources in D__ServletCommunication_ServletCommunication] INFO  o.e.m.i.launch.MavenLaunchDelegate - Run build in "D:\ServletCommunication\ServletCommunication":
2023-10-02 20:50:18,401 [Worker-33: Launching Executing generate-sources in D__ServletCommunication_ServletCommunication] INFO  o.e.m.i.launch.MavenLaunchDelegate -  mvn  -B -Dstyle.color=always generate-sources
2023-10-02 22:05:22,437 [Worker-62: Building] INFO  o.a.m.s.f.DefaultMavenResourcesFiltering - Copying 0 resource from src\main\resources to target\classes
2023-10-02 22:05:22,442 [Worker-62: Building] INFO  o.a.m.s.f.DefaultMavenResourcesFiltering - Copying 0 resource from src\test\resources to target\test-classes
2023-10-02 22:05:22,442 [Worker-62: Building] INFO  o.e.m.w.i.f.ResourceFilteringBuildParticipant - Changed resources require a complete clean of filtered resources of ServletCommunication
2023-10-02 22:05:22,444 [Worker-62: Building] INFO  o.e.m.w.i.f.ResourceFilteringBuildParticipant - Executing resource filtering for ServletCommunication
2023-10-02 22:06:03,560 [Worker-62: Building] INFO  o.a.m.s.f.DefaultMavenResourcesFiltering - Copying 0 resource from src\main\resources to target\classes
2023-10-02 22:06:03,563 [Worker-62: Building] INFO  o.a.m.s.f.DefaultMavenResourcesFiltering - Copying 0 resource from src\test\resources to target\test-classes
2023-10-02 22:06:37,145 [Worker-62: Building] INFO  o.a.m.s.f.DefaultMavenResourcesFiltering - Copying 0 resource from src\main\resources to target\classes
2023-10-02 22:06:37,151 [Worker-62: Building] INFO  o.a.m.s.f.DefaultMavenResourcesFiltering - Copying 0 resource from src\test\resources to target\test-classes
2023-10-02 22:24:06,492 [Worker-63: Building] INFO  o.a.m.s.f.DefaultMavenResourcesFiltering - Copying 0 resource from src\main\resources to target\classes
2023-10-02 22:24:06,496 [Worker-63: Building] INFO  o.a.m.s.f.DefaultMavenResourcesFiltering - Copying 0 resource from src\test\resources to target\test-classes
2023-10-02 22:24:26,571 [Worker-59: Building] INFO  o.a.m.s.f.DefaultMavenResourcesFiltering - Copying 0 resource from src\main\resources to target\classes
2023-10-02 22:24:26,574 [Worker-59: Building] INFO  o.a.m.s.f.DefaultMavenResourcesFiltering - Copying 0 resource from src\test\resources to target\test-classes
2023-10-02 22:30:22,604 [Worker-65: Updating Maven Project] INFO  o.e.m.c.i.p.ProjectConfigurationManager - Update started
2023-10-02 22:30:23,198 [Worker-65: Updating Maven Project] INFO  o.e.m.c.i.l.LifecycleMappingFactory - Using org.maven.ide.eclipse.wtp.WarLifecycleMapping lifecycle mapping for MavenProject: vamk:JDBC_Web:0.0.1-SNAPSHOT @ D:\ServletCommunication\ServletCommunication\pom.xml.
2023-10-02 22:30:24,674 [Worker-65: Updating Maven Project] INFO  o.e.m.j.i.AbstractJavaProjectConfigurator - Adding source folder /ServletCommunication/src/main/java
2023-10-02 22:30:24,674 [Worker-65: Updating Maven Project] INFO  o.e.m.j.i.AbstractJavaProjectConfigurator - Adding resource folder /ServletCommunication/src/main/resources
2023-10-02 22:30:24,677 [Worker-65: Updating Maven Project] INFO  o.e.m.j.i.AbstractJavaProjectConfigurator - Adding source folder /ServletCommunication/src/test/java
2023-10-02 22:30:24,678 [Worker-65: Updating Maven Project] INFO  o.e.m.j.i.AbstractJavaProjectConfigurator - Adding resource folder /ServletCommunication/src/test/resources
2023-10-02 22:30:25,250 [Worker-65: Updating Maven Project] INFO  o.e.m.w.i.f.ResourceFilteringBuildParticipant - Cleaning filtered folder for ServletCommunication
2023-10-02 22:30:25,292 [Worker-65: Updating Maven Project] INFO  o.e.m.c.i.p.ProjectConfigurationManager - Update completed for 1 poms: local refresh takes 0.00 sec, refresh facades takes 1.00 sec, update config takes 0.00 sec 
2023-10-02 22:30:25,529 [Worker-68: Building] INFO  o.a.m.s.f.DefaultMavenResourcesFiltering - Copying 0 resource from src\main\resources to target\classes
2023-10-02 22:30:25,535 [Worker-68: Building] INFO  o.a.m.s.f.DefaultMavenResourcesFiltering - Copying 0 resource from src\test\resources to target\test-classes
2023-10-02 22:30:25,535 [Worker-68: Building] INFO  o.e.m.w.i.f.ResourceFilteringBuildParticipant - Changed resources require a complete clean of filtered resources of ServletCommunication
2023-10-02 22:30:25,535 [Worker-68: Building] INFO  o.e.m.w.i.f.ResourceFilteringBuildParticipant - Executing resource filtering for ServletCommunication
2023-10-02 22:31:16,724 [Worker-70: Building] INFO  o.e.m.c.i.l.LifecycleMappingFactory - Using org.maven.ide.eclipse.wtp.WarLifecycleMapping lifecycle mapping for MavenProject: vamk:JDBC_Web:0.0.1-SNAPSHOT @ D:\ServletCommunication\InitialParameter_assignment\pom.xml.
2023-10-02 22:31:17,068 [Worker-70: Building] INFO  o.a.m.s.f.DefaultMavenResourcesFiltering - Copying 0 resource from src\main\resources to target\classes
2023-10-02 22:31:17,072 [Worker-70: Building] INFO  o.a.m.s.f.DefaultMavenResourcesFiltering - Copying 0 resource from src\test\resources to target\test-classes
2023-10-02 22:31:55,369 [Worker-70: Launching Executing install in D__ServletCommunication_InitialParameter_assignment] INFO  o.eclipse.m2e.core.internal.Bundles - getClasspathEntries(Bundle=org.eclipse.m2e.maven.runtime_3.9.400.20230826-0755 [623])
2023-10-02 22:31:55,370 [Worker-70: Launching Executing install in D__ServletCommunication_InitialParameter_assignment] INFO  o.eclipse.m2e.core.internal.Bundles - 	Entry: C:\Users\ADMIN\.p2\pool\plugins\org.eclipse.m2e.maven.runtime_3.9.400.20230826-0755
2023-10-02 22:31:55,371 [Worker-70: Launching Executing install in D__ServletCommunication_InitialParameter_assignment] INFO  o.eclipse.m2e.core.internal.Bundles - 	Entry: C:\Users\ADMIN\.p2\pool\plugins\org.eclipse.m2e.maven.runtime_3.9.400.20230826-0755\jars\aether-connector-okhttp-0.17.8.jar
2023-10-02 22:31:55,371 [Worker-70: Launching Executing install in D__ServletCommunication_InitialParameter_assignment] INFO  o.eclipse.m2e.core.internal.Bundles - 	Entry: C:\Users\ADMIN\.p2\pool\plugins\org.eclipse.m2e.maven.runtime_3.9.400.20230826-0755\jars\aopalliance-1.0.jar
2023-10-02 22:31:55,371 [Worker-70: Launching Executing install in D__ServletCommunication_InitialParameter_assignment] INFO  o.eclipse.m2e.core.internal.Bundles - 	Entry: C:\Users\ADMIN\.p2\pool\plugins\org.eclipse.m2e.maven.runtime_3.9.400.20230826-0755\jars\commons-lang3-3.12.0.jar
2023-10-02 22:31:55,371 [Worker-70: Launching Executing install in D__ServletCommunication_InitialParameter_assignment] INFO  o.eclipse.m2e.core.internal.Bundles - 	Entry: C:\Users\ADMIN\.p2\pool\plugins\org.eclipse.m2e.maven.runtime_3.9.400.20230826-0755\jars\guice-5.1.0.jar
2023-10-02 22:31:55,371 [Worker-70: Launching Executing install in D__ServletCommunication_InitialParameter_assignment] INFO  o.eclipse.m2e.core.internal.Bundles - 	Entry: C:\Users\ADMIN\.p2\pool\plugins\org.eclipse.m2e.maven.runtime_3.9.400.20230826-0755\jars\jansi-2.4.0.jar
2023-10-02 22:31:55,371 [Worker-70: Launching Executing install in D__ServletCommunication_InitialParameter_assignment] INFO  o.eclipse.m2e.core.internal.Bundles - 	Entry: C:\Users\ADMIN\.p2\pool\plugins\org.eclipse.m2e.maven.runtime_3.9.400.20230826-0755\jars\maven-artifact-3.9.4.jar
2023-10-02 22:31:55,371 [Worker-70: Launching Executing install in D__ServletCommunication_InitialParameter_assignment] INFO  o.eclipse.m2e.core.internal.Bundles - 	Entry: C:\Users\ADMIN\.p2\pool\plugins\org.eclipse.m2e.maven.runtime_3.9.400.20230826-0755\jars\maven-builder-support-3.9.4.jar
2023-10-02 22:31:55,372 [Worker-70: Launching Executing install in D__ServletCommunication_InitialParameter_assignment] INFO  o.eclipse.m2e.core.internal.Bundles - 	Entry: C:\Users\ADMIN\.p2\pool\plugins\org.eclipse.m2e.maven.runtime_3.9.400.20230826-0755\jars\maven-compat-3.9.4.jar
2023-10-02 22:31:55,372 [Worker-70: Launching Executing install in D__ServletCommunication_InitialParameter_assignment] INFO  o.eclipse.m2e.core.internal.Bundles - 	Entry: C:\Users\ADMIN\.p2\pool\plugins\org.eclipse.m2e.maven.runtime_3.9.400.20230826-0755\jars\maven-core-3.9.4.jar
2023-10-02 22:31:55,372 [Worker-70: Launching Executing install in D__ServletCommunication_InitialParameter_assignment] INFO  o.eclipse.m2e.core.internal.Bundles - 	Entry: C:\Users\ADMIN\.p2\pool\plugins\org.eclipse.m2e.maven.runtime_3.9.400.20230826-0755\jars\maven-embedder-3.9.4.jar
2023-10-02 22:31:55,373 [Worker-70: Launching Executing install in D__ServletCommunication_InitialParameter_assignment] INFO  o.eclipse.m2e.core.internal.Bundles - 	Entry: C:\Users\ADMIN\.p2\pool\plugins\org.eclipse.m2e.maven.runtime_3.9.400.20230826-0755\jars\maven-model-3.9.4.jar
2023-10-02 22:31:55,373 [Worker-70: Launching Executing install in D__ServletCommunication_InitialParameter_assignment] INFO  o.eclipse.m2e.core.internal.Bundles - 	Entry: C:\Users\ADMIN\.p2\pool\plugins\org.eclipse.m2e.maven.runtime_3.9.400.20230826-0755\jars\maven-model-builder-3.9.4.jar
2023-10-02 22:31:55,373 [Worker-70: Launching Executing install in D__ServletCommunication_InitialParameter_assignment] INFO  o.eclipse.m2e.core.internal.Bundles - 	Entry: C:\Users\ADMIN\.p2\pool\plugins\org.eclipse.m2e.maven.runtime_3.9.400.20230826-0755\jars\maven-plugin-api-3.9.4.jar
2023-10-02 22:31:55,373 [Worker-70: Launching Executing install in D__ServletCommunication_InitialParameter_assignment] INFO  o.eclipse.m2e.core.internal.Bundles - 	Entry: C:\Users\ADMIN\.p2\pool\plugins\org.eclipse.m2e.maven.runtime_3.9.400.20230826-0755\jars\maven-repository-metadata-3.9.4.jar
2023-10-02 22:31:55,373 [Worker-70: Launching Executing install in D__ServletCommunication_InitialParameter_assignment] INFO  o.eclipse.m2e.core.internal.Bundles - 	Entry: C:\Users\ADMIN\.p2\pool\plugins\org.eclipse.m2e.maven.runtime_3.9.400.20230826-0755\jars\maven-resolver-api-1.9.14.jar
2023-10-02 22:31:55,374 [Worker-70: Launching Executing install in D__ServletCommunication_InitialParameter_assignment] INFO  o.eclipse.m2e.core.internal.Bundles - 	Entry: C:\Users\ADMIN\.p2\pool\plugins\org.eclipse.m2e.maven.runtime_3.9.400.20230826-0755\jars\maven-resolver-connector-basic-1.9.14.jar
2023-10-02 22:31:55,374 [Worker-70: Launching Executing install in D__ServletCommunication_InitialParameter_assignment] INFO  o.eclipse.m2e.core.internal.Bundles - 	Entry: C:\Users\ADMIN\.p2\pool\plugins\org.eclipse.m2e.maven.runtime_3.9.400.20230826-0755\jars\maven-resolver-impl-1.9.14.jar
2023-10-02 22:31:55,374 [Worker-70: Launching Executing install in D__ServletCommunication_InitialParameter_assignment] INFO  o.eclipse.m2e.core.internal.Bundles - 	Entry: C:\Users\ADMIN\.p2\pool\plugins\org.eclipse.m2e.maven.runtime_3.9.400.20230826-0755\jars\maven-resolver-named-locks-1.9.14.jar
2023-10-02 22:31:55,374 [Worker-70: Launching Executing install in D__ServletCommunication_InitialParameter_assignment] INFO  o.eclipse.m2e.core.internal.Bundles - 	Entry: C:\Users\ADMIN\.p2\pool\plugins\org.eclipse.m2e.maven.runtime_3.9.400.20230826-0755\jars\maven-resolver-provider-3.9.4.jar
2023-10-02 22:31:55,375 [Worker-70: Launching Executing install in D__ServletCommunication_InitialParameter_assignment] INFO  o.eclipse.m2e.core.internal.Bundles - 	Entry: C:\Users\ADMIN\.p2\pool\plugins\org.eclipse.m2e.maven.runtime_3.9.400.20230826-0755\jars\maven-resolver-spi-1.9.14.jar
2023-10-02 22:31:55,375 [Worker-70: Launching Executing install in D__ServletCommunication_InitialParameter_assignment] INFO  o.eclipse.m2e.core.internal.Bundles - 	Entry: C:\Users\ADMIN\.p2\pool\plugins\org.eclipse.m2e.maven.runtime_3.9.400.20230826-0755\jars\maven-resolver-transport-wagon-1.9.14.jar
2023-10-02 22:31:55,375 [Worker-70: Launching Executing install in D__ServletCommunication_InitialParameter_assignment] INFO  o.eclipse.m2e.core.internal.Bundles - 	Entry: C:\Users\ADMIN\.p2\pool\plugins\org.eclipse.m2e.maven.runtime_3.9.400.20230826-0755\jars\maven-resolver-util-1.9.14.jar
2023-10-02 22:31:55,375 [Worker-70: Launching Executing install in D__ServletCommunication_InitialParameter_assignment] INFO  o.eclipse.m2e.core.internal.Bundles - 	Entry: C:\Users\ADMIN\.p2\pool\plugins\org.eclipse.m2e.maven.runtime_3.9.400.20230826-0755\jars\maven-settings-3.9.4.jar
2023-10-02 22:31:55,375 [Worker-70: Launching Executing install in D__ServletCommunication_InitialParameter_assignment] INFO  o.eclipse.m2e.core.internal.Bundles - 	Entry: C:\Users\ADMIN\.p2\pool\plugins\org.eclipse.m2e.maven.runtime_3.9.400.20230826-0755\jars\maven-settings-builder-3.9.4.jar
2023-10-02 22:31:55,377 [Worker-70: Launching Executing install in D__ServletCommunication_InitialParameter_assignment] INFO  o.eclipse.m2e.core.internal.Bundles - 	Entry: C:\Users\ADMIN\.p2\pool\plugins\org.eclipse.m2e.maven.runtime_3.9.400.20230826-0755\jars\maven-shared-utils-3.3.4.jar
2023-10-02 22:31:55,377 [Worker-70: Launching Executing install in D__ServletCommunication_InitialParameter_assignment] INFO  o.eclipse.m2e.core.internal.Bundles - 	Entry: C:\Users\ADMIN\.p2\pool\plugins\org.eclipse.m2e.maven.runtime_3.9.400.20230826-0755\jars\okhttp-3.14.1.jar
2023-10-02 22:31:55,377 [Worker-70: Launching Executing install in D__ServletCommunication_InitialParameter_assignment] INFO  o.eclipse.m2e.core.internal.Bundles - 	Entry: C:\Users\ADMIN\.p2\pool\plugins\org.eclipse.m2e.maven.runtime_3.9.400.20230826-0755\jars\okio-1.17.3.jar
2023-10-02 22:31:55,377 [Worker-70: Launching Executing install in D__ServletCommunication_InitialParameter_assignment] INFO  o.eclipse.m2e.core.internal.Bundles - 	Entry: C:\Users\ADMIN\.p2\pool\plugins\org.eclipse.m2e.maven.runtime_3.9.400.20230826-0755\jars\org.eclipse.sisu.inject-0.3.5.jar
2023-10-02 22:31:55,377 [Worker-70: Launching Executing install in D__ServletCommunication_InitialParameter_assignment] INFO  o.eclipse.m2e.core.internal.Bundles - 	Entry: C:\Users\ADMIN\.p2\pool\plugins\org.eclipse.m2e.maven.runtime_3.9.400.20230826-0755\jars\org.eclipse.sisu.plexus-0.3.5.jar
2023-10-02 22:31:55,378 [Worker-70: Launching Executing install in D__ServletCommunication_InitialParameter_assignment] INFO  o.eclipse.m2e.core.internal.Bundles - 	Entry: C:\Users\ADMIN\.p2\pool\plugins\org.eclipse.m2e.maven.runtime_3.9.400.20230826-0755\jars\plexus-build-api-0.0.7.jar
2023-10-02 22:31:55,378 [Worker-70: Launching Executing install in D__ServletCommunication_InitialParameter_assignment] INFO  o.eclipse.m2e.core.internal.Bundles - 	Entry: C:\Users\ADMIN\.p2\pool\plugins\org.eclipse.m2e.maven.runtime_3.9.400.20230826-0755\jars\plexus-cipher-2.0.jar
2023-10-02 22:31:55,378 [Worker-70: Launching Executing install in D__ServletCommunication_InitialParameter_assignment] INFO  o.eclipse.m2e.core.internal.Bundles - 	Entry: C:\Users\ADMIN\.p2\pool\plugins\org.eclipse.m2e.maven.runtime_3.9.400.20230826-0755\jars\plexus-classworlds-2.7.0.jar
2023-10-02 22:31:55,378 [Worker-70: Launching Executing install in D__ServletCommunication_InitialParameter_assignment] INFO  o.eclipse.m2e.core.internal.Bundles - 	Entry: C:\Users\ADMIN\.p2\pool\plugins\org.eclipse.m2e.maven.runtime_3.9.400.20230826-0755\jars\plexus-component-annotations-2.1.0.jar
2023-10-02 22:31:55,378 [Worker-70: Launching Executing install in D__ServletCommunication_InitialParameter_assignment] INFO  o.eclipse.m2e.core.internal.Bundles - 	Entry: C:\Users\ADMIN\.p2\pool\plugins\org.eclipse.m2e.maven.runtime_3.9.400.20230826-0755\jars\plexus-interpolation-1.26.jar
2023-10-02 22:31:55,378 [Worker-70: Launching Executing install in D__ServletCommunication_InitialParameter_assignment] INFO  o.eclipse.m2e.core.internal.Bundles - 	Entry: C:\Users\ADMIN\.p2\pool\plugins\org.eclipse.m2e.maven.runtime_3.9.400.20230826-0755\jars\plexus-sec-dispatcher-2.0.jar
2023-10-02 22:31:55,378 [Worker-70: Launching Executing install in D__ServletCommunication_InitialParameter_assignment] INFO  o.eclipse.m2e.core.internal.Bundles - 	Entry: C:\Users\ADMIN\.p2\pool\plugins\org.eclipse.m2e.maven.runtime_3.9.400.20230826-0755\jars\plexus-utils-3.5.1.jar
2023-10-02 22:31:55,378 [Worker-70: Launching Executing install in D__ServletCommunication_InitialParameter_assignment] INFO  o.eclipse.m2e.core.internal.Bundles - 	Entry: C:\Users\ADMIN\.p2\pool\plugins\org.eclipse.m2e.maven.runtime_3.9.400.20230826-0755\jars\wagon-file-3.5.3.jar
2023-10-02 22:31:55,378 [Worker-70: Launching Executing install in D__ServletCommunication_InitialParameter_assignment] INFO  o.eclipse.m2e.core.internal.Bundles - 	Entry: C:\Users\ADMIN\.p2\pool\plugins\org.eclipse.m2e.maven.runtime_3.9.400.20230826-0755\jars\wagon-provider-api-3.5.3.jar
2023-10-02 22:31:55,379 [Worker-70: Launching Executing install in D__ServletCommunication_InitialParameter_assignment] INFO  o.eclipse.m2e.core.internal.Bundles - getClasspathEntries(Bundle=com.google.guava_32.1.2.jre [12])
2023-10-02 22:31:55,380 [Worker-70: Launching Executing install in D__ServletCommunication_InitialParameter_assignment] INFO  o.eclipse.m2e.core.internal.Bundles - 	Entry: C:\Users\ADMIN\.p2\pool\plugins\com.google.guava_32.1.2.jre.jar
2023-10-02 22:31:55,380 [Worker-70: Launching Executing install in D__ServletCommunication_InitialParameter_assignment] INFO  o.eclipse.m2e.core.internal.Bundles - getClasspathEntries(Bundle=slf4j.api_2.0.7 [984])
2023-10-02 22:31:55,380 [Worker-70: Launching Executing install in D__ServletCommunication_InitialParameter_assignment] INFO  o.eclipse.m2e.core.internal.Bundles - 	Entry: C:\Users\ADMIN\.p2\pool\plugins\slf4j.api_2.0.7.jar
2023-10-02 22:31:55,380 [Worker-70: Launching Executing install in D__ServletCommunication_InitialParameter_assignment] INFO  o.eclipse.m2e.core.internal.Bundles - getClasspathEntries(Bundle=javax.inject_1.0.0.v20220405-0441 [38])
2023-10-02 22:31:55,382 [Worker-70: Launching Executing install in D__ServletCommunication_InitialParameter_assignment] INFO  o.eclipse.m2e.core.internal.Bundles - 	Entry: C:\Users\ADMIN\.p2\pool\plugins\javax.inject_1.0.0.v20220405-0441.jar
2023-10-02 22:31:55,382 [Worker-70: Launching Executing install in D__ServletCommunication_InitialParameter_assignment] INFO  o.eclipse.m2e.core.internal.Bundles - getClasspathEntries(Bundle=javax.annotation_1.3.5.v20200909-1856 [36])
2023-10-02 22:31:55,382 [Worker-70: Launching Executing install in D__ServletCommunication_InitialParameter_assignment] INFO  o.eclipse.m2e.core.internal.Bundles - 	Entry: C:\Users\ADMIN\.p2\pool\plugins\javax.annotation_1.3.5.v20200909-1856.jar
2023-10-02 22:31:55,382 [Worker-70: Launching Executing install in D__ServletCommunication_InitialParameter_assignment] INFO  o.eclipse.m2e.core.internal.Bundles - getClasspathEntries(Bundle=org.apache.commons.cli_1.5.0 [73])
2023-10-02 22:31:55,382 [Worker-70: Launching Executing install in D__ServletCommunication_InitialParameter_assignment] INFO  o.eclipse.m2e.core.internal.Bundles - 	Entry: C:\Users\ADMIN\.p2\pool\plugins\org.apache.commons.cli_1.5.0.jar
2023-10-02 22:31:55,382 [Worker-70: Launching Executing install in D__ServletCommunication_InitialParameter_assignment] INFO  o.eclipse.m2e.core.internal.Bundles - getClasspathEntries(Bundle=com.google.guava.failureaccess_1.0.1 [14])
2023-10-02 22:31:55,382 [Worker-70: Launching Executing install in D__ServletCommunication_InitialParameter_assignment] INFO  o.eclipse.m2e.core.internal.Bundles - 	Entry: C:\Users\ADMIN\.p2\pool\plugins\com.google.guava.failureaccess_1.0.1.jar
2023-10-02 22:31:55,384 [Worker-70: Launching Executing install in D__ServletCommunication_InitialParameter_assignment] INFO  o.e.m.i.launch.MavenLaunchDelegate - Run build in "D:\ServletCommunication\InitialParameter_assignment":
2023-10-02 22:31:55,384 [Worker-70: Launching Executing install in D__ServletCommunication_InitialParameter_assignment] INFO  o.e.m.i.launch.MavenLaunchDelegate -  mvn  -B -Dstyle.color=always install
2023-10-02 22:32:11,971 [Worker-65: Launching Executing generate-sources in D__ServletCommunication_InitialParameter_assignment] INFO  o.eclipse.m2e.core.internal.Bundles - getClasspathEntries(Bundle=org.eclipse.m2e.maven.runtime_3.9.400.20230826-0755 [623])
2023-10-02 22:32:11,972 [Worker-65: Launching Executing generate-sources in D__ServletCommunication_InitialParameter_assignment] INFO  o.eclipse.m2e.core.internal.Bundles - 	Entry: C:\Users\ADMIN\.p2\pool\plugins\org.eclipse.m2e.maven.runtime_3.9.400.20230826-0755
2023-10-02 22:32:11,972 [Worker-65: Launching Executing generate-sources in D__ServletCommunication_InitialParameter_assignment] INFO  o.eclipse.m2e.core.internal.Bundles - 	Entry: C:\Users\ADMIN\.p2\pool\plugins\org.eclipse.m2e.maven.runtime_3.9.400.20230826-0755\jars\aether-connector-okhttp-0.17.8.jar
2023-10-02 22:32:11,973 [Worker-65: Launching Executing generate-sources in D__ServletCommunication_InitialParameter_assignment] INFO  o.eclipse.m2e.core.internal.Bundles - 	Entry: C:\Users\ADMIN\.p2\pool\plugins\org.eclipse.m2e.maven.runtime_3.9.400.20230826-0755\jars\aopalliance-1.0.jar
2023-10-02 22:32:11,973 [Worker-65: Launching Executing generate-sources in D__ServletCommunication_InitialParameter_assignment] INFO  o.eclipse.m2e.core.internal.Bundles - 	Entry: C:\Users\ADMIN\.p2\pool\plugins\org.eclipse.m2e.maven.runtime_3.9.400.20230826-0755\jars\commons-lang3-3.12.0.jar
2023-10-02 22:32:11,973 [Worker-65: Launching Executing generate-sources in D__ServletCommunication_InitialParameter_assignment] INFO  o.eclipse.m2e.core.internal.Bundles - 	Entry: C:\Users\ADMIN\.p2\pool\plugins\org.eclipse.m2e.maven.runtime_3.9.400.20230826-0755\jars\guice-5.1.0.jar
2023-10-02 22:32:11,974 [Worker-65: Launching Executing generate-sources in D__ServletCommunication_InitialParameter_assignment] INFO  o.eclipse.m2e.core.internal.Bundles - 	Entry: C:\Users\ADMIN\.p2\pool\plugins\org.eclipse.m2e.maven.runtime_3.9.400.20230826-0755\jars\jansi-2.4.0.jar
2023-10-02 22:32:11,974 [Worker-65: Launching Executing generate-sources in D__ServletCommunication_InitialParameter_assignment] INFO  o.eclipse.m2e.core.internal.Bundles - 	Entry: C:\Users\ADMIN\.p2\pool\plugins\org.eclipse.m2e.maven.runtime_3.9.400.20230826-0755\jars\maven-artifact-3.9.4.jar
2023-10-02 22:32:11,974 [Worker-65: Launching Executing generate-sources in D__ServletCommunication_InitialParameter_assignment] INFO  o.eclipse.m2e.core.internal.Bundles - 	Entry: C:\Users\ADMIN\.p2\pool\plugins\org.eclipse.m2e.maven.runtime_3.9.400.20230826-0755\jars\maven-builder-support-3.9.4.jar
2023-10-02 22:32:11,975 [Worker-65: Launching Executing generate-sources in D__ServletCommunication_InitialParameter_assignment] INFO  o.eclipse.m2e.core.internal.Bundles - 	Entry: C:\Users\ADMIN\.p2\pool\plugins\org.eclipse.m2e.maven.runtime_3.9.400.20230826-0755\jars\maven-compat-3.9.4.jar
2023-10-02 22:32:11,975 [Worker-65: Launching Executing generate-sources in D__ServletCommunication_InitialParameter_assignment] INFO  o.eclipse.m2e.core.internal.Bundles - 	Entry: C:\Users\ADMIN\.p2\pool\plugins\org.eclipse.m2e.maven.runtime_3.9.400.20230826-0755\jars\maven-core-3.9.4.jar
2023-10-02 22:32:11,975 [Worker-65: Launching Executing generate-sources in D__ServletCommunication_InitialParameter_assignment] INFO  o.eclipse.m2e.core.internal.Bundles - 	Entry: C:\Users\ADMIN\.p2\pool\plugins\org.eclipse.m2e.maven.runtime_3.9.400.20230826-0755\jars\maven-embedder-3.9.4.jar
2023-10-02 22:32:11,976 [Worker-65: Launching Executing generate-sources in D__ServletCommunication_InitialParameter_assignment] INFO  o.eclipse.m2e.core.internal.Bundles - 	Entry: C:\Users\ADMIN\.p2\pool\plugins\org.eclipse.m2e.maven.runtime_3.9.400.20230826-0755\jars\maven-model-3.9.4.jar
2023-10-02 22:32:11,976 [Worker-65: Launching Executing generate-sources in D__ServletCommunication_InitialParameter_assignment] INFO  o.eclipse.m2e.core.internal.Bundles - 	Entry: C:\Users\ADMIN\.p2\pool\plugins\org.eclipse.m2e.maven.runtime_3.9.400.20230826-0755\jars\maven-model-builder-3.9.4.jar
2023-10-02 22:32:11,976 [Worker-65: Launching Executing generate-sources in D__ServletCommunication_InitialParameter_assignment] INFO  o.eclipse.m2e.core.internal.Bundles - 	Entry: C:\Users\ADMIN\.p2\pool\plugins\org.eclipse.m2e.maven.runtime_3.9.400.20230826-0755\jars\maven-plugin-api-3.9.4.jar
2023-10-02 22:32:11,977 [Worker-65: Launching Executing generate-sources in D__ServletCommunication_InitialParameter_assignment] INFO  o.eclipse.m2e.core.internal.Bundles - 	Entry: C:\Users\ADMIN\.p2\pool\plugins\org.eclipse.m2e.maven.runtime_3.9.400.20230826-0755\jars\maven-repository-metadata-3.9.4.jar
2023-10-02 22:32:11,977 [Worker-65: Launching Executing generate-sources in D__ServletCommunication_InitialParameter_assignment] INFO  o.eclipse.m2e.core.internal.Bundles - 	Entry: C:\Users\ADMIN\.p2\pool\plugins\org.eclipse.m2e.maven.runtime_3.9.400.20230826-0755\jars\maven-resolver-api-1.9.14.jar
2023-10-02 22:32:11,977 [Worker-65: Launching Executing generate-sources in D__ServletCommunication_InitialParameter_assignment] INFO  o.eclipse.m2e.core.internal.Bundles - 	Entry: C:\Users\ADMIN\.p2\pool\plugins\org.eclipse.m2e.maven.runtime_3.9.400.20230826-0755\jars\maven-resolver-connector-basic-1.9.14.jar
2023-10-02 22:32:11,977 [Worker-65: Launching Executing generate-sources in D__ServletCommunication_InitialParameter_assignment] INFO  o.eclipse.m2e.core.internal.Bundles - 	Entry: C:\Users\ADMIN\.p2\pool\plugins\org.eclipse.m2e.maven.runtime_3.9.400.20230826-0755\jars\maven-resolver-impl-1.9.14.jar
2023-10-02 22:32:11,978 [Worker-65: Launching Executing generate-sources in D__ServletCommunication_InitialParameter_assignment] INFO  o.eclipse.m2e.core.internal.Bundles - 	Entry: C:\Users\ADMIN\.p2\pool\plugins\org.eclipse.m2e.maven.runtime_3.9.400.20230826-0755\jars\maven-resolver-named-locks-1.9.14.jar
2023-10-02 22:32:11,978 [Worker-65: Launching Executing generate-sources in D__ServletCommunication_InitialParameter_assignment] INFO  o.eclipse.m2e.core.internal.Bundles - 	Entry: C:\Users\ADMIN\.p2\pool\plugins\org.eclipse.m2e.maven.runtime_3.9.400.20230826-0755\jars\maven-resolver-provider-3.9.4.jar
2023-10-02 22:32:11,978 [Worker-65: Launching Executing generate-sources in D__ServletCommunication_InitialParameter_assignment] INFO  o.eclipse.m2e.core.internal.Bundles - 	Entry: C:\Users\ADMIN\.p2\pool\plugins\org.eclipse.m2e.maven.runtime_3.9.400.20230826-0755\jars\maven-resolver-spi-1.9.14.jar
2023-10-02 22:32:11,979 [Worker-65: Launching Executing generate-sources in D__ServletCommunication_InitialParameter_assignment] INFO  o.eclipse.m2e.core.internal.Bundles - 	Entry: C:\Users\ADMIN\.p2\pool\plugins\org.eclipse.m2e.maven.runtime_3.9.400.20230826-0755\jars\maven-resolver-transport-wagon-1.9.14.jar
2023-10-02 22:32:11,979 [Worker-65: Launching Executing generate-sources in D__ServletCommunication_InitialParameter_assignment] INFO  o.eclipse.m2e.core.internal.Bundles - 	Entry: C:\Users\ADMIN\.p2\pool\plugins\org.eclipse.m2e.maven.runtime_3.9.400.20230826-0755\jars\maven-resolver-util-1.9.14.jar
2023-10-02 22:32:11,979 [Worker-65: Launching Executing generate-sources in D__ServletCommunication_InitialParameter_assignment] INFO  o.eclipse.m2e.core.internal.Bundles - 	Entry: C:\Users\ADMIN\.p2\pool\plugins\org.eclipse.m2e.maven.runtime_3.9.400.20230826-0755\jars\maven-settings-3.9.4.jar
2023-10-02 22:32:11,979 [Worker-65: Launching Executing generate-sources in D__ServletCommunication_InitialParameter_assignment] INFO  o.eclipse.m2e.core.internal.Bundles - 	Entry: C:\Users\ADMIN\.p2\pool\plugins\org.eclipse.m2e.maven.runtime_3.9.400.20230826-0755\jars\maven-settings-builder-3.9.4.jar
2023-10-02 22:32:11,980 [Worker-65: Launching Executing generate-sources in D__ServletCommunication_InitialParameter_assignment] INFO  o.eclipse.m2e.core.internal.Bundles - 	Entry: C:\Users\ADMIN\.p2\pool\plugins\org.eclipse.m2e.maven.runtime_3.9.400.20230826-0755\jars\maven-shared-utils-3.3.4.jar
2023-10-02 22:32:11,980 [Worker-65: Launching Executing generate-sources in D__ServletCommunication_InitialParameter_assignment] INFO  o.eclipse.m2e.core.internal.Bundles - 	Entry: C:\Users\ADMIN\.p2\pool\plugins\org.eclipse.m2e.maven.runtime_3.9.400.20230826-0755\jars\okhttp-3.14.1.jar
2023-10-02 22:32:11,980 [Worker-65: Launching Executing generate-sources in D__ServletCommunication_InitialParameter_assignment] INFO  o.eclipse.m2e.core.internal.Bundles - 	Entry: C:\Users\ADMIN\.p2\pool\plugins\org.eclipse.m2e.maven.runtime_3.9.400.20230826-0755\jars\okio-1.17.3.jar
2023-10-02 22:32:11,981 [Worker-65: Launching Executing generate-sources in D__ServletCommunication_InitialParameter_assignment] INFO  o.eclipse.m2e.core.internal.Bundles - 	Entry: C:\Users\ADMIN\.p2\pool\plugins\org.eclipse.m2e.maven.runtime_3.9.400.20230826-0755\jars\org.eclipse.sisu.inject-0.3.5.jar
2023-10-02 22:32:11,981 [Worker-65: Launching Executing generate-sources in D__ServletCommunication_InitialParameter_assignment] INFO  o.eclipse.m2e.core.internal.Bundles - 	Entry: C:\Users\ADMIN\.p2\pool\plugins\org.eclipse.m2e.maven.runtime_3.9.400.20230826-0755\jars\org.eclipse.sisu.plexus-0.3.5.jar
2023-10-02 22:32:11,981 [Worker-65: Launching Executing generate-sources in D__ServletCommunication_InitialParameter_assignment] INFO  o.eclipse.m2e.core.internal.Bundles - 	Entry: C:\Users\ADMIN\.p2\pool\plugins\org.eclipse.m2e.maven.runtime_3.9.400.20230826-0755\jars\plexus-build-api-0.0.7.jar
2023-10-02 22:32:11,981 [Worker-65: Launching Executing generate-sources in D__ServletCommunication_InitialParameter_assignment] INFO  o.eclipse.m2e.core.internal.Bundles - 	Entry: C:\Users\ADMIN\.p2\pool\plugins\org.eclipse.m2e.maven.runtime_3.9.400.20230826-0755\jars\plexus-cipher-2.0.jar
2023-10-02 22:32:11,982 [Worker-65: Launching Executing generate-sources in D__ServletCommunication_InitialParameter_assignment] INFO  o.eclipse.m2e.core.internal.Bundles - 	Entry: C:\Users\ADMIN\.p2\pool\plugins\org.eclipse.m2e.maven.runtime_3.9.400.20230826-0755\jars\plexus-classworlds-2.7.0.jar
2023-10-02 22:32:11,982 [Worker-65: Launching Executing generate-sources in D__ServletCommunication_InitialParameter_assignment] INFO  o.eclipse.m2e.core.internal.Bundles - 	Entry: C:\Users\ADMIN\.p2\pool\plugins\org.eclipse.m2e.maven.runtime_3.9.400.20230826-0755\jars\plexus-component-annotations-2.1.0.jar
2023-10-02 22:32:11,982 [Worker-65: Launching Executing generate-sources in D__ServletCommunication_InitialParameter_assignment] INFO  o.eclipse.m2e.core.internal.Bundles - 	Entry: C:\Users\ADMIN\.p2\pool\plugins\org.eclipse.m2e.maven.runtime_3.9.400.20230826-0755\jars\plexus-interpolation-1.26.jar
2023-10-02 22:32:11,983 [Worker-65: Launching Executing generate-sources in D__ServletCommunication_InitialParameter_assignment] INFO  o.eclipse.m2e.core.internal.Bundles - 	Entry: C:\Users\ADMIN\.p2\pool\plugins\org.eclipse.m2e.maven.runtime_3.9.400.20230826-0755\jars\plexus-sec-dispatcher-2.0.jar
2023-10-02 22:32:11,983 [Worker-65: Launching Executing generate-sources in D__ServletCommunication_InitialParameter_assignment] INFO  o.eclipse.m2e.core.internal.Bundles - 	Entry: C:\Users\ADMIN\.p2\pool\plugins\org.eclipse.m2e.maven.runtime_3.9.400.20230826-0755\jars\plexus-utils-3.5.1.jar
2023-10-02 22:32:11,983 [Worker-65: Launching Executing generate-sources in D__ServletCommunication_InitialParameter_assignment] INFO  o.eclipse.m2e.core.internal.Bundles - 	Entry: C:\Users\ADMIN\.p2\pool\plugins\org.eclipse.m2e.maven.runtime_3.9.400.20230826-0755\jars\wagon-file-3.5.3.jar
2023-10-02 22:32:11,984 [Worker-65: Launching Executing generate-sources in D__ServletCommunication_InitialParameter_assignment] INFO  o.eclipse.m2e.core.internal.Bundles - 	Entry: C:\Users\ADMIN\.p2\pool\plugins\org.eclipse.m2e.maven.runtime_3.9.400.20230826-0755\jars\wagon-provider-api-3.5.3.jar
2023-10-02 22:32:11,984 [Worker-65: Launching Executing generate-sources in D__ServletCommunication_InitialParameter_assignment] INFO  o.eclipse.m2e.core.internal.Bundles - getClasspathEntries(Bundle=com.google.guava_32.1.2.jre [12])
2023-10-02 22:32:11,985 [Worker-65: Launching Executing generate-sources in D__ServletCommunication_InitialParameter_assignment] INFO  o.eclipse.m2e.core.internal.Bundles - 	Entry: C:\Users\ADMIN\.p2\pool\plugins\com.google.guava_32.1.2.jre.jar
2023-10-02 22:32:11,985 [Worker-65: Launching Executing generate-sources in D__ServletCommunication_InitialParameter_assignment] INFO  o.eclipse.m2e.core.internal.Bundles - getClasspathEntries(Bundle=slf4j.api_2.0.7 [984])
2023-10-02 22:32:11,985 [Worker-65: Launching Executing generate-sources in D__ServletCommunication_InitialParameter_assignment] INFO  o.eclipse.m2e.core.internal.Bundles - 	Entry: C:\Users\ADMIN\.p2\pool\plugins\slf4j.api_2.0.7.jar
2023-10-02 22:32:11,986 [Worker-65: Launching Executing generate-sources in D__ServletCommunication_InitialParameter_assignment] INFO  o.eclipse.m2e.core.internal.Bundles - getClasspathEntries(Bundle=javax.inject_1.0.0.v20220405-0441 [38])
2023-10-02 22:32:11,986 [Worker-65: Launching Executing generate-sources in D__ServletCommunication_InitialParameter_assignment] INFO  o.eclipse.m2e.core.internal.Bundles - 	Entry: C:\Users\ADMIN\.p2\pool\plugins\javax.inject_1.0.0.v20220405-0441.jar
2023-10-02 22:32:11,986 [Worker-65: Launching Executing generate-sources in D__ServletCommunication_InitialParameter_assignment] INFO  o.eclipse.m2e.core.internal.Bundles - getClasspathEntries(Bundle=javax.annotation_1.3.5.v20200909-1856 [36])
2023-10-02 22:32:11,987 [Worker-65: Launching Executing generate-sources in D__ServletCommunication_InitialParameter_assignment] INFO  o.eclipse.m2e.core.internal.Bundles - 	Entry: C:\Users\ADMIN\.p2\pool\plugins\javax.annotation_1.3.5.v20200909-1856.jar
2023-10-02 22:32:11,987 [Worker-65: Launching Executing generate-sources in D__ServletCommunication_InitialParameter_assignment] INFO  o.eclipse.m2e.core.internal.Bundles - getClasspathEntries(Bundle=org.apache.commons.cli_1.5.0 [73])
2023-10-02 22:32:11,988 [Worker-65: Launching Executing generate-sources in D__ServletCommunication_InitialParameter_assignment] INFO  o.eclipse.m2e.core.internal.Bundles - 	Entry: C:\Users\ADMIN\.p2\pool\plugins\org.apache.commons.cli_1.5.0.jar
2023-10-02 22:32:11,988 [Worker-65: Launching Executing generate-sources in D__ServletCommunication_InitialParameter_assignment] INFO  o.eclipse.m2e.core.internal.Bundles - getClasspathEntries(Bundle=com.google.guava.failureaccess_1.0.1 [14])
2023-10-02 22:32:11,988 [Worker-65: Launching Executing generate-sources in D__ServletCommunication_InitialParameter_assignment] INFO  o.eclipse.m2e.core.internal.Bundles - 	Entry: C:\Users\ADMIN\.p2\pool\plugins\com.google.guava.failureaccess_1.0.1.jar
2023-10-02 22:32:11,989 [Worker-65: Launching Executing generate-sources in D__ServletCommunication_InitialParameter_assignment] INFO  o.e.m.i.launch.MavenLaunchDelegate - Run build in "D:\ServletCommunication\InitialParameter_assignment":
2023-10-02 22:32:11,990 [Worker-65: Launching Executing generate-sources in D__ServletCommunication_InitialParameter_assignment] INFO  o.e.m.i.launch.MavenLaunchDelegate -  mvn  -B -Dstyle.color=always generate-sources
2023-10-02 22:32:20,632 [main] INFO  o.e.m2e.actions.ExecutePomAction - Creating new launch configuration
2023-10-02 22:32:30,913 [Worker-72: Launching Executing clean in D__ServletCommunication_InitialParameter_assignment] INFO  o.eclipse.m2e.core.internal.Bundles - getClasspathEntries(Bundle=org.eclipse.m2e.maven.runtime_3.9.400.20230826-0755 [623])
2023-10-02 22:32:30,914 [Worker-72: Launching Executing clean in D__ServletCommunication_InitialParameter_assignment] INFO  o.eclipse.m2e.core.internal.Bundles - 	Entry: C:\Users\ADMIN\.p2\pool\plugins\org.eclipse.m2e.maven.runtime_3.9.400.20230826-0755
2023-10-02 22:32:30,914 [Worker-72: Launching Executing clean in D__ServletCommunication_InitialParameter_assignment] INFO  o.eclipse.m2e.core.internal.Bundles - 	Entry: C:\Users\ADMIN\.p2\pool\plugins\org.eclipse.m2e.maven.runtime_3.9.400.20230826-0755\jars\aether-connector-okhttp-0.17.8.jar
2023-10-02 22:32:30,914 [Worker-72: Launching Executing clean in D__ServletCommunication_InitialParameter_assignment] INFO  o.eclipse.m2e.core.internal.Bundles - 	Entry: C:\Users\ADMIN\.p2\pool\plugins\org.eclipse.m2e.maven.runtime_3.9.400.20230826-0755\jars\aopalliance-1.0.jar
2023-10-02 22:32:30,914 [Worker-72: Launching Executing clean in D__ServletCommunication_InitialParameter_assignment] INFO  o.eclipse.m2e.core.internal.Bundles - 	Entry: C:\Users\ADMIN\.p2\pool\plugins\org.eclipse.m2e.maven.runtime_3.9.400.20230826-0755\jars\commons-lang3-3.12.0.jar
2023-10-02 22:32:30,914 [Worker-72: Launching Executing clean in D__ServletCommunication_InitialParameter_assignment] INFO  o.eclipse.m2e.core.internal.Bundles - 	Entry: C:\Users\ADMIN\.p2\pool\plugins\org.eclipse.m2e.maven.runtime_3.9.400.20230826-0755\jars\guice-5.1.0.jar
2023-10-02 22:32:30,915 [Worker-72: Launching Executing clean in D__ServletCommunication_InitialParameter_assignment] INFO  o.eclipse.m2e.core.internal.Bundles - 	Entry: C:\Users\ADMIN\.p2\pool\plugins\org.eclipse.m2e.maven.runtime_3.9.400.20230826-0755\jars\jansi-2.4.0.jar
2023-10-02 22:32:30,915 [Worker-72: Launching Executing clean in D__ServletCommunication_InitialParameter_assignment] INFO  o.eclipse.m2e.core.internal.Bundles - 	Entry: C:\Users\ADMIN\.p2\pool\plugins\org.eclipse.m2e.maven.runtime_3.9.400.20230826-0755\jars\maven-artifact-3.9.4.jar
2023-10-02 22:32:30,915 [Worker-72: Launching Executing clean in D__ServletCommunication_InitialParameter_assignment] INFO  o.eclipse.m2e.core.internal.Bundles - 	Entry: C:\Users\ADMIN\.p2\pool\plugins\org.eclipse.m2e.maven.runtime_3.9.400.20230826-0755\jars\maven-builder-support-3.9.4.jar
2023-10-02 22:32:30,915 [Worker-72: Launching Executing clean in D__ServletCommunication_InitialParameter_assignment] INFO  o.eclipse.m2e.core.internal.Bundles - 	Entry: C:\Users\ADMIN\.p2\pool\plugins\org.eclipse.m2e.maven.runtime_3.9.400.20230826-0755\jars\maven-compat-3.9.4.jar
2023-10-02 22:32:30,915 [Worker-72: Launching Executing clean in D__ServletCommunication_InitialParameter_assignment] INFO  o.eclipse.m2e.core.internal.Bundles - 	Entry: C:\Users\ADMIN\.p2\pool\plugins\org.eclipse.m2e.maven.runtime_3.9.400.20230826-0755\jars\maven-core-3.9.4.jar
2023-10-02 22:32:30,916 [Worker-72: Launching Executing clean in D__ServletCommunication_InitialParameter_assignment] INFO  o.eclipse.m2e.core.internal.Bundles - 	Entry: C:\Users\ADMIN\.p2\pool\plugins\org.eclipse.m2e.maven.runtime_3.9.400.20230826-0755\jars\maven-embedder-3.9.4.jar
2023-10-02 22:32:30,916 [Worker-72: Launching Executing clean in D__ServletCommunication_InitialParameter_assignment] INFO  o.eclipse.m2e.core.internal.Bundles - 	Entry: C:\Users\ADMIN\.p2\pool\plugins\org.eclipse.m2e.maven.runtime_3.9.400.20230826-0755\jars\maven-model-3.9.4.jar
2023-10-02 22:32:30,916 [Worker-72: Launching Executing clean in D__ServletCommunication_InitialParameter_assignment] INFO  o.eclipse.m2e.core.internal.Bundles - 	Entry: C:\Users\ADMIN\.p2\pool\plugins\org.eclipse.m2e.maven.runtime_3.9.400.20230826-0755\jars\maven-model-builder-3.9.4.jar
2023-10-02 22:32:30,916 [Worker-72: Launching Executing clean in D__ServletCommunication_InitialParameter_assignment] INFO  o.eclipse.m2e.core.internal.Bundles - 	Entry: C:\Users\ADMIN\.p2\pool\plugins\org.eclipse.m2e.maven.runtime_3.9.400.20230826-0755\jars\maven-plugin-api-3.9.4.jar
2023-10-02 22:32:30,916 [Worker-72: Launching Executing clean in D__ServletCommunication_InitialParameter_assignment] INFO  o.eclipse.m2e.core.internal.Bundles - 	Entry: C:\Users\ADMIN\.p2\pool\plugins\org.eclipse.m2e.maven.runtime_3.9.400.20230826-0755\jars\maven-repository-metadata-3.9.4.jar
2023-10-02 22:32:30,916 [Worker-72: Launching Executing clean in D__ServletCommunication_InitialParameter_assignment] INFO  o.eclipse.m2e.core.internal.Bundles - 	Entry: C:\Users\ADMIN\.p2\pool\plugins\org.eclipse.m2e.maven.runtime_3.9.400.20230826-0755\jars\maven-resolver-api-1.9.14.jar
2023-10-02 22:32:30,917 [Worker-72: Launching Executing clean in D__ServletCommunication_InitialParameter_assignment] INFO  o.eclipse.m2e.core.internal.Bundles - 	Entry: C:\Users\ADMIN\.p2\pool\plugins\org.eclipse.m2e.maven.runtime_3.9.400.20230826-0755\jars\maven-resolver-connector-basic-1.9.14.jar
2023-10-02 22:32:30,917 [Worker-72: Launching Executing clean in D__ServletCommunication_InitialParameter_assignment] INFO  o.eclipse.m2e.core.internal.Bundles - 	Entry: C:\Users\ADMIN\.p2\pool\plugins\org.eclipse.m2e.maven.runtime_3.9.400.20230826-0755\jars\maven-resolver-impl-1.9.14.jar
2023-10-02 22:32:30,917 [Worker-72: Launching Executing clean in D__ServletCommunication_InitialParameter_assignment] INFO  o.eclipse.m2e.core.internal.Bundles - 	Entry: C:\Users\ADMIN\.p2\pool\plugins\org.eclipse.m2e.maven.runtime_3.9.400.20230826-0755\jars\maven-resolver-named-locks-1.9.14.jar
2023-10-02 22:32:30,917 [Worker-72: Launching Executing clean in D__ServletCommunication_InitialParameter_assignment] INFO  o.eclipse.m2e.core.internal.Bundles - 	Entry: C:\Users\ADMIN\.p2\pool\plugins\org.eclipse.m2e.maven.runtime_3.9.400.20230826-0755\jars\maven-resolver-provider-3.9.4.jar
2023-10-02 22:32:30,917 [Worker-72: Launching Executing clean in D__ServletCommunication_InitialParameter_assignment] INFO  o.eclipse.m2e.core.internal.Bundles - 	Entry: C:\Users\ADMIN\.p2\pool\plugins\org.eclipse.m2e.maven.runtime_3.9.400.20230826-0755\jars\maven-resolver-spi-1.9.14.jar
2023-10-02 22:32:30,918 [Worker-72: Launching Executing clean in D__ServletCommunication_InitialParameter_assignment] INFO  o.eclipse.m2e.core.internal.Bundles - 	Entry: C:\Users\ADMIN\.p2\pool\plugins\org.eclipse.m2e.maven.runtime_3.9.400.20230826-0755\jars\maven-resolver-transport-wagon-1.9.14.jar
2023-10-02 22:32:30,918 [Worker-72: Launching Executing clean in D__ServletCommunication_InitialParameter_assignment] INFO  o.eclipse.m2e.core.internal.Bundles - 	Entry: C:\Users\ADMIN\.p2\pool\plugins\org.eclipse.m2e.maven.runtime_3.9.400.20230826-0755\jars\maven-resolver-util-1.9.14.jar
2023-10-02 22:32:30,918 [Worker-72: Launching Executing clean in D__ServletCommunication_InitialParameter_assignment] INFO  o.eclipse.m2e.core.internal.Bundles - 	Entry: C:\Users\ADMIN\.p2\pool\plugins\org.eclipse.m2e.maven.runtime_3.9.400.20230826-0755\jars\maven-settings-3.9.4.jar
2023-10-02 22:32:30,918 [Worker-72: Launching Executing clean in D__ServletCommunication_InitialParameter_assignment] INFO  o.eclipse.m2e.core.internal.Bundles - 	Entry: C:\Users\ADMIN\.p2\pool\plugins\org.eclipse.m2e.maven.runtime_3.9.400.20230826-0755\jars\maven-settings-builder-3.9.4.jar
2023-10-02 22:32:30,918 [Worker-72: Launching Executing clean in D__ServletCommunication_InitialParameter_assignment] INFO  o.eclipse.m2e.core.internal.Bundles - 	Entry: C:\Users\ADMIN\.p2\pool\plugins\org.eclipse.m2e.maven.runtime_3.9.400.20230826-0755\jars\maven-shared-utils-3.3.4.jar
2023-10-02 22:32:30,919 [Worker-72: Launching Executing clean in D__ServletCommunication_InitialParameter_assignment] INFO  o.eclipse.m2e.core.internal.Bundles - 	Entry: C:\Users\ADMIN\.p2\pool\plugins\org.eclipse.m2e.maven.runtime_3.9.400.20230826-0755\jars\okhttp-3.14.1.jar
2023-10-02 22:32:30,919 [Worker-72: Launching Executing clean in D__ServletCommunication_InitialParameter_assignment] INFO  o.eclipse.m2e.core.internal.Bundles - 	Entry: C:\Users\ADMIN\.p2\pool\plugins\org.eclipse.m2e.maven.runtime_3.9.400.20230826-0755\jars\okio-1.17.3.jar
2023-10-02 22:32:30,919 [Worker-72: Launching Executing clean in D__ServletCommunication_InitialParameter_assignment] INFO  o.eclipse.m2e.core.internal.Bundles - 	Entry: C:\Users\ADMIN\.p2\pool\plugins\org.eclipse.m2e.maven.runtime_3.9.400.20230826-0755\jars\org.eclipse.sisu.inject-0.3.5.jar
2023-10-02 22:32:30,919 [Worker-72: Launching Executing clean in D__ServletCommunication_InitialParameter_assignment] INFO  o.eclipse.m2e.core.internal.Bundles - 	Entry: C:\Users\ADMIN\.p2\pool\plugins\org.eclipse.m2e.maven.runtime_3.9.400.20230826-0755\jars\org.eclipse.sisu.plexus-0.3.5.jar
2023-10-02 22:32:30,919 [Worker-72: Launching Executing clean in D__ServletCommunication_InitialParameter_assignment] INFO  o.eclipse.m2e.core.internal.Bundles - 	Entry: C:\Users\ADMIN\.p2\pool\plugins\org.eclipse.m2e.maven.runtime_3.9.400.20230826-0755\jars\plexus-build-api-0.0.7.jar
2023-10-02 22:32:30,920 [Worker-72: Launching Executing clean in D__ServletCommunication_InitialParameter_assignment] INFO  o.eclipse.m2e.core.internal.Bundles - 	Entry: C:\Users\ADMIN\.p2\pool\plugins\org.eclipse.m2e.maven.runtime_3.9.400.20230826-0755\jars\plexus-cipher-2.0.jar
2023-10-02 22:32:30,920 [Worker-72: Launching Executing clean in D__ServletCommunication_InitialParameter_assignment] INFO  o.eclipse.m2e.core.internal.Bundles - 	Entry: C:\Users\ADMIN\.p2\pool\plugins\org.eclipse.m2e.maven.runtime_3.9.400.20230826-0755\jars\plexus-classworlds-2.7.0.jar
2023-10-02 22:32:30,920 [Worker-72: Launching Executing clean in D__ServletCommunication_InitialParameter_assignment] INFO  o.eclipse.m2e.core.internal.Bundles - 	Entry: C:\Users\ADMIN\.p2\pool\plugins\org.eclipse.m2e.maven.runtime_3.9.400.20230826-0755\jars\plexus-component-annotations-2.1.0.jar
2023-10-02 22:32:30,920 [Worker-72: Launching Executing clean in D__ServletCommunication_InitialParameter_assignment] INFO  o.eclipse.m2e.core.internal.Bundles - 	Entry: C:\Users\ADMIN\.p2\pool\plugins\org.eclipse.m2e.maven.runtime_3.9.400.20230826-0755\jars\plexus-interpolation-1.26.jar
2023-10-02 22:32:30,920 [Worker-72: Launching Executing clean in D__ServletCommunication_InitialParameter_assignment] INFO  o.eclipse.m2e.core.internal.Bundles - 	Entry: C:\Users\ADMIN\.p2\pool\plugins\org.eclipse.m2e.maven.runtime_3.9.400.20230826-0755\jars\plexus-sec-dispatcher-2.0.jar
2023-10-02 22:32:30,920 [Worker-72: Launching Executing clean in D__ServletCommunication_InitialParameter_assignment] INFO  o.eclipse.m2e.core.internal.Bundles - 	Entry: C:\Users\ADMIN\.p2\pool\plugins\org.eclipse.m2e.maven.runtime_3.9.400.20230826-0755\jars\plexus-utils-3.5.1.jar
2023-10-02 22:32:30,921 [Worker-72: Launching Executing clean in D__ServletCommunication_InitialParameter_assignment] INFO  o.eclipse.m2e.core.internal.Bundles - 	Entry: C:\Users\ADMIN\.p2\pool\plugins\org.eclipse.m2e.maven.runtime_3.9.400.20230826-0755\jars\wagon-file-3.5.3.jar
2023-10-02 22:32:30,921 [Worker-72: Launching Executing clean in D__ServletCommunication_InitialParameter_assignment] INFO  o.eclipse.m2e.core.internal.Bundles - 	Entry: C:\Users\ADMIN\.p2\pool\plugins\org.eclipse.m2e.maven.runtime_3.9.400.20230826-0755\jars\wagon-provider-api-3.5.3.jar
2023-10-02 22:32:30,921 [Worker-72: Launching Executing clean in D__ServletCommunication_InitialParameter_assignment] INFO  o.eclipse.m2e.core.internal.Bundles - getClasspathEntries(Bundle=com.google.guava_32.1.2.jre [12])
2023-10-02 22:32:30,922 [Worker-72: Launching Executing clean in D__ServletCommunication_InitialParameter_assignment] INFO  o.eclipse.m2e.core.internal.Bundles - 	Entry: C:\Users\ADMIN\.p2\pool\plugins\com.google.guava_32.1.2.jre.jar
2023-10-02 22:32:30,922 [Worker-72: Launching Executing clean in D__ServletCommunication_InitialParameter_assignment] INFO  o.eclipse.m2e.core.internal.Bundles - getClasspathEntries(Bundle=slf4j.api_2.0.7 [984])
2023-10-02 22:32:30,923 [Worker-72: Launching Executing clean in D__ServletCommunication_InitialParameter_assignment] INFO  o.eclipse.m2e.core.internal.Bundles - 	Entry: C:\Users\ADMIN\.p2\pool\plugins\slf4j.api_2.0.7.jar
2023-10-02 22:32:30,923 [Worker-72: Launching Executing clean in D__ServletCommunication_InitialParameter_assignment] INFO  o.eclipse.m2e.core.internal.Bundles - getClasspathEntries(Bundle=javax.inject_1.0.0.v20220405-0441 [38])
2023-10-02 22:32:30,923 [Worker-72: Launching Executing clean in D__ServletCommunication_InitialParameter_assignment] INFO  o.eclipse.m2e.core.internal.Bundles - 	Entry: C:\Users\ADMIN\.p2\pool\plugins\javax.inject_1.0.0.v20220405-0441.jar
2023-10-02 22:32:30,923 [Worker-72: Launching Executing clean in D__ServletCommunication_InitialParameter_assignment] INFO  o.eclipse.m2e.core.internal.Bundles - getClasspathEntries(Bundle=javax.annotation_1.3.5.v20200909-1856 [36])
2023-10-02 22:32:30,924 [Worker-72: Launching Executing clean in D__ServletCommunication_InitialParameter_assignment] INFO  o.eclipse.m2e.core.internal.Bundles - 	Entry: C:\Users\ADMIN\.p2\pool\plugins\javax.annotation_1.3.5.v20200909-1856.jar
2023-10-02 22:32:30,924 [Worker-72: Launching Executing clean in D__ServletCommunication_InitialParameter_assignment] INFO  o.eclipse.m2e.core.internal.Bundles - getClasspathEntries(Bundle=org.apache.commons.cli_1.5.0 [73])
2023-10-02 22:32:30,924 [Worker-72: Launching Executing clean in D__ServletCommunication_InitialParameter_assignment] INFO  o.eclipse.m2e.core.internal.Bundles - 	Entry: C:\Users\ADMIN\.p2\pool\plugins\org.apache.commons.cli_1.5.0.jar
2023-10-02 22:32:30,924 [Worker-72: Launching Executing clean in D__ServletCommunication_InitialParameter_assignment] INFO  o.eclipse.m2e.core.internal.Bundles - getClasspathEntries(Bundle=com.google.guava.failureaccess_1.0.1 [14])
2023-10-02 22:32:30,925 [Worker-72: Launching Executing clean in D__ServletCommunication_InitialParameter_assignment] INFO  o.eclipse.m2e.core.internal.Bundles - 	Entry: C:\Users\ADMIN\.p2\pool\plugins\com.google.guava.failureaccess_1.0.1.jar
2023-10-02 22:32:30,926 [Worker-72: Launching Executing clean in D__ServletCommunication_InitialParameter_assignment] INFO  o.e.m.i.launch.MavenLaunchDelegate - Run build in "D:\ServletCommunication\InitialParameter_assignment":
2023-10-02 22:32:30,926 [Worker-72: Launching Executing clean in D__ServletCommunication_InitialParameter_assignment] INFO  o.e.m.i.launch.MavenLaunchDelegate -  mvn  -B -Dstyle.color=always clean
2023-10-02 22:37:04,624 [Worker-69: Building] INFO  o.a.m.s.f.DefaultMavenResourcesFiltering - Copying 0 resource from src\main\resources to target\classes
2023-10-02 22:37:04,627 [Worker-69: Building] INFO  o.a.m.s.f.DefaultMavenResourcesFiltering - Copying 0 resource from src\test\resources to target\test-classes
2023-10-02 22:37:04,627 [Worker-69: Building] INFO  o.e.m.w.i.f.ResourceFilteringBuildParticipant - Changed resources require a complete clean of filtered resources of InitialParameter_assignment
2023-10-02 22:37:04,627 [Worker-69: Building] INFO  o.e.m.w.i.f.ResourceFilteringBuildParticipant - Executing resource filtering for InitialParameter_assignment
2023-10-02 22:38:46,367 [Worker-74: Updating Maven Project] INFO  o.e.m.c.i.p.ProjectConfigurationManager - Update started
2023-10-02 22:38:47,019 [Worker-74: Updating Maven Project] INFO  o.e.m.c.i.l.LifecycleMappingFactory - Using org.maven.ide.eclipse.wtp.WarLifecycleMapping lifecycle mapping for MavenProject: vamk:JDBC_Web:0.0.1-SNAPSHOT @ D:\ServletCommunication\InitialParameter_assignment\pom.xml.
2023-10-02 22:38:48,492 [Worker-74: Updating Maven Project] INFO  o.e.m.j.i.AbstractJavaProjectConfigurator - Adding source folder /InitialParameter_assignment/src/main/java
2023-10-02 22:38:48,492 [Worker-74: Updating Maven Project] INFO  o.e.m.j.i.AbstractJavaProjectConfigurator - Adding resource folder /InitialParameter_assignment/src/main/resources
2023-10-02 22:38:48,493 [Worker-74: Updating Maven Project] INFO  o.e.m.j.i.AbstractJavaProjectConfigurator - Adding source folder /InitialParameter_assignment/src/test/java
2023-10-02 22:38:48,493 [Worker-74: Updating Maven Project] INFO  o.e.m.j.i.AbstractJavaProjectConfigurator - Adding resource folder /InitialParameter_assignment/src/test/resources
2023-10-02 22:38:48,695 [Worker-74: Updating Maven Project] INFO  o.e.m.w.i.f.ResourceFilteringBuildParticipant - Cleaning filtered folder for InitialParameter_assignment
2023-10-02 22:38:48,770 [Worker-74: Updating Maven Project] INFO  o.e.m.c.i.p.ProjectConfigurationManager - Update completed for 1 poms: local refresh takes 0.00 sec, refresh facades takes 1.00 sec, update config takes 0.00 sec 
2023-10-02 22:38:49,003 [Worker-74: Building] INFO  o.a.m.s.f.DefaultMavenResourcesFiltering - Copying 0 resource from src\main\resources to target\classes
2023-10-02 22:38:49,010 [Worker-74: Building] INFO  o.a.m.s.f.DefaultMavenResourcesFiltering - Copying 0 resource from src\test\resources to target\test-classes
2023-10-02 22:38:49,012 [Worker-74: Building] INFO  o.e.m.w.i.f.ResourceFilteringBuildParticipant - Changed resources require a complete clean of filtered resources of InitialParameter_assignment
2023-10-02 22:38:49,012 [Worker-74: Building] INFO  o.e.m.w.i.f.ResourceFilteringBuildParticipant - Executing resource filtering for InitialParameter_assignment
2023-10-02 22:40:30,153 [Worker-77: Building] INFO  o.a.m.s.f.DefaultMavenResourcesFiltering - Copying 0 resource from src\main\resources to target\classes
2023-10-02 22:40:30,155 [Worker-77: Building] INFO  o.a.m.s.f.DefaultMavenResourcesFiltering - Copying 0 resource from src\test\resources to target\test-classes
